2025-10-22 18:15:17,518 - __main__ - INFO - ============================================================
2025-10-22 18:15:17,518 - __main__ - INFO - MT5 Windows Bridge Starting...
2025-10-22 18:15:17,518 - __main__ - INFO - ============================================================
2025-10-22 18:17:48,903 - __main__ - INFO - ============================================================
2025-10-22 18:17:48,903 - __main__ - INFO - MT5 Windows Bridge Starting...
2025-10-22 18:17:48,903 - __main__ - INFO - ============================================================
2025-10-22 18:17:54,283 - __main__ - INFO - MT5 logged in successfully to Tickmill-Demo with account 25251142
2025-10-22 18:17:54,289 - __main__ - INFO - MT5 Account: 25251142, Balance: 1000.0, Server: Tickmill-Demo
2025-10-22 18:17:54,466 - __main__ - INFO - Connected to PostgreSQL at 10.30.90.102:5432
2025-10-22 18:17:54,539 - __main__ - INFO - Connected to Redis at 10.30.90.102:6379
2025-10-22 18:17:54,539 - __main__ - INFO - Performing initial sync...
2025-10-22 18:17:54,539 - __main__ - INFO - Running job: Fetch prices
2025-10-22 18:17:54,915 - __main__ - ERROR - Error storing price data: column "timestamp" of relation "price_data" does not exist
LINE 2:                 INSERT INTO price_data (timestamp, symbol, t...
                                                ^

2025-10-22 18:17:55,121 - __main__ - ERROR - Error storing price data: column "timestamp" of relation "price_data" does not exist
LINE 2:                 INSERT INTO price_data (timestamp, symbol, t...
                                                ^

2025-10-22 18:17:55,715 - __main__ - ERROR - Error storing price data: column "timestamp" of relation "price_data" does not exist
LINE 2:                 INSERT INTO price_data (timestamp, symbol, t...
                                                ^

2025-10-22 18:17:56,465 - __main__ - ERROR - Error storing price data: column "timestamp" of relation "price_data" does not exist
LINE 2:                 INSERT INTO price_data (timestamp, symbol, t...
                                                ^

2025-10-22 18:17:57,064 - __main__ - ERROR - Error storing price data: column "timestamp" of relation "price_data" does not exist
LINE 2:                 INSERT INTO price_data (timestamp, symbol, t...
                                                ^

2025-10-22 18:17:57,064 - __main__ - INFO - Running job: Sync account metrics
2025-10-22 18:17:57,096 - __main__ - ERROR - Error syncing account metrics: column "timestamp" of relation "account_metrics" does not exist
LINE 2:                 INSERT INTO account_metrics (timestamp, bala...
                                                     ^

2025-10-22 18:17:57,096 - __main__ - INFO - Running job: Sync active trades
2025-10-22 18:17:57,096 - __main__ - ERROR - Error syncing active trades: column "closed_at" does not exist
LINE 4:                     WHERE closed_at IS NULL
                                  ^

2025-10-22 18:17:57,111 - __main__ - ERROR - Error syncing trade history: column "volume" of relation "trade_history" does not exist
LINE 3:                     (ticket, symbol, type, volume, open_pric...
                                                   ^

2025-10-22 18:17:57,111 - __main__ - INFO - ============================================================
2025-10-22 18:17:57,121 - __main__ - INFO - MT5 Windows Bridge Running!
2025-10-22 18:17:57,121 - __main__ - INFO - Scheduled tasks:
2025-10-22 18:17:57,121 - __main__ - INFO -   - Fetch prices: Every 1 minute
2025-10-22 18:17:57,121 - __main__ - INFO -   - Sync metrics: Every 1 minute
2025-10-22 18:17:57,121 - __main__ - INFO -   - Sync trades: Every 30 seconds
2025-10-22 18:17:57,121 - __main__ - INFO - ============================================================
2025-10-22 18:18:27,143 - __main__ - INFO - Running job: Sync active trades
2025-10-22 18:18:27,143 - __main__ - ERROR - Error syncing active trades: column "closed_at" does not exist
LINE 4:                     WHERE closed_at IS NULL
                                  ^

2025-10-22 18:18:57,317 - __main__ - INFO - Running job: Fetch prices
2025-10-22 18:18:57,606 - __main__ - ERROR - Error storing price data: column "timestamp" of relation "price_data" does not exist
LINE 2:                 INSERT INTO price_data (timestamp, symbol, t...
                                                ^

2025-10-22 18:18:57,903 - __main__ - ERROR - Error storing price data: column "timestamp" of relation "price_data" does not exist
LINE 2:                 INSERT INTO price_data (timestamp, symbol, t...
                                                ^

2025-10-22 18:18:58,200 - __main__ - ERROR - Error storing price data: column "timestamp" of relation "price_data" does not exist
LINE 2:                 INSERT INTO price_data (timestamp, symbol, t...
                                                ^

2025-10-22 18:18:58,340 - __main__ - ERROR - Error storing price data: column "timestamp" of relation "price_data" does not exist
LINE 2:                 INSERT INTO price_data (timestamp, symbol, t...
                                                ^

2025-10-22 18:18:58,560 - __main__ - ERROR - Error storing price data: column "timestamp" of relation "price_data" does not exist
LINE 2:                 INSERT INTO price_data (timestamp, symbol, t...
                                                ^

2025-10-22 18:18:58,560 - __main__ - INFO - Running job: Sync account metrics
2025-10-22 18:18:58,592 - __main__ - ERROR - Error syncing account metrics: column "timestamp" of relation "account_metrics" does not exist
LINE 2:                 INSERT INTO account_metrics (timestamp, bala...
                                                     ^

2025-10-22 18:18:58,607 - __main__ - INFO - Running job: Sync active trades
2025-10-22 18:18:58,607 - __main__ - ERROR - Error syncing active trades: column "closed_at" does not exist
LINE 4:                     WHERE closed_at IS NULL
                                  ^

2025-10-22 18:19:28,799 - __main__ - INFO - Running job: Sync active trades
2025-10-22 18:19:28,824 - __main__ - ERROR - Error syncing active trades: column "closed_at" does not exist
LINE 4:                     WHERE closed_at IS NULL
                                  ^

2025-10-22 18:19:58,923 - __main__ - INFO - Running job: Fetch prices
2025-10-22 18:19:59,090 - __main__ - ERROR - Error storing price data: column "timestamp" of relation "price_data" does not exist
LINE 2:                 INSERT INTO price_data (timestamp, symbol, t...
                                                ^

2025-10-22 18:19:59,325 - __main__ - ERROR - Error storing price data: column "timestamp" of relation "price_data" does not exist
LINE 2:                 INSERT INTO price_data (timestamp, symbol, t...
                                                ^

2025-10-22 18:19:59,512 - __main__ - ERROR - Error storing price data: column "timestamp" of relation "price_data" does not exist
LINE 2:                 INSERT INTO price_data (timestamp, symbol, t...
                                                ^

2025-10-22 18:19:59,809 - __main__ - ERROR - Error storing price data: column "timestamp" of relation "price_data" does not exist
LINE 2:                 INSERT INTO price_data (timestamp, symbol, t...
                                                ^

2025-10-22 18:20:00,012 - __main__ - ERROR - Error storing price data: column "timestamp" of relation "price_data" does not exist
LINE 2:                 INSERT INTO price_data (timestamp, symbol, t...
                                                ^

2025-10-22 18:20:00,028 - __main__ - INFO - Running job: Sync account metrics
2025-10-22 18:20:00,044 - __main__ - ERROR - Error syncing account metrics: column "timestamp" of relation "account_metrics" does not exist
LINE 2:                 INSERT INTO account_metrics (timestamp, bala...
                                                     ^

2025-10-22 18:20:00,059 - __main__ - INFO - Running job: Sync active trades
2025-10-22 18:20:00,059 - __main__ - ERROR - Error syncing active trades: column "closed_at" does not exist
LINE 4:                     WHERE closed_at IS NULL
                                  ^

2025-10-22 18:20:30,189 - __main__ - INFO - Running job: Sync active trades
2025-10-22 18:20:30,200 - __main__ - ERROR - Error syncing active trades: column "closed_at" does not exist
LINE 4:                     WHERE closed_at IS NULL
                                  ^

2025-10-22 18:21:00,378 - __main__ - INFO - Running job: Fetch prices
2025-10-22 18:21:00,569 - __main__ - ERROR - Error storing price data: column "timestamp" of relation "price_data" does not exist
LINE 2:                 INSERT INTO price_data (timestamp, symbol, t...
                                                ^

2025-10-22 18:21:00,727 - __main__ - ERROR - Error storing price data: column "timestamp" of relation "price_data" does not exist
LINE 2:                 INSERT INTO price_data (timestamp, symbol, t...
                                                ^

2025-10-22 18:21:00,871 - __main__ - ERROR - Error storing price data: column "timestamp" of relation "price_data" does not exist
LINE 2:                 INSERT INTO price_data (timestamp, symbol, t...
                                                ^

2025-10-22 18:21:01,059 - __main__ - ERROR - Error storing price data: column "timestamp" of relation "price_data" does not exist
LINE 2:                 INSERT INTO price_data (timestamp, symbol, t...
                                                ^

2025-10-22 18:21:01,200 - __main__ - ERROR - Error storing price data: column "timestamp" of relation "price_data" does not exist
LINE 2:                 INSERT INTO price_data (timestamp, symbol, t...
                                                ^

2025-10-22 18:21:01,215 - __main__ - INFO - Running job: Sync account metrics
2025-10-22 18:21:01,215 - __main__ - ERROR - Error syncing account metrics: column "timestamp" of relation "account_metrics" does not exist
LINE 2:                 INSERT INTO account_metrics (timestamp, bala...
                                                     ^

2025-10-22 18:21:01,215 - __main__ - INFO - Running job: Sync active trades
2025-10-22 18:21:01,231 - __main__ - ERROR - Error syncing active trades: column "closed_at" does not exist
LINE 4:                     WHERE closed_at IS NULL
                                  ^

2025-10-22 18:21:31,397 - __main__ - INFO - Running job: Sync active trades
2025-10-22 18:21:31,403 - __main__ - ERROR - Error syncing active trades: column "closed_at" does not exist
LINE 4:                     WHERE closed_at IS NULL
                                  ^

2025-10-22 18:22:01,525 - __main__ - INFO - Running job: Fetch prices
2025-10-22 18:22:01,653 - __main__ - ERROR - Error storing price data: column "timestamp" of relation "price_data" does not exist
LINE 2:                 INSERT INTO price_data (timestamp, symbol, t...
                                                ^

2025-10-22 18:22:01,778 - __main__ - ERROR - Error storing price data: column "timestamp" of relation "price_data" does not exist
LINE 2:                 INSERT INTO price_data (timestamp, symbol, t...
                                                ^

2025-10-22 18:22:01,919 - __main__ - ERROR - Error storing price data: column "timestamp" of relation "price_data" does not exist
LINE 2:                 INSERT INTO price_data (timestamp, symbol, t...
                                                ^

2025-10-22 18:22:02,043 - __main__ - ERROR - Error storing price data: column "timestamp" of relation "price_data" does not exist
LINE 2:                 INSERT INTO price_data (timestamp, symbol, t...
                                                ^

2025-10-22 18:22:02,168 - __main__ - ERROR - Error storing price data: column "timestamp" of relation "price_data" does not exist
LINE 2:                 INSERT INTO price_data (timestamp, symbol, t...
                                                ^

2025-10-22 18:22:02,168 - __main__ - INFO - Running job: Sync account metrics
2025-10-22 18:22:02,184 - __main__ - ERROR - Error syncing account metrics: column "timestamp" of relation "account_metrics" does not exist
LINE 2:                 INSERT INTO account_metrics (timestamp, bala...
                                                     ^

2025-10-22 18:22:02,184 - __main__ - INFO - Running job: Sync active trades
2025-10-22 18:22:02,184 - __main__ - ERROR - Error syncing active trades: column "closed_at" does not exist
LINE 4:                     WHERE closed_at IS NULL
                                  ^

2025-10-22 18:22:22,778 - __main__ - INFO - ============================================================
2025-10-22 18:22:22,778 - __main__ - INFO - MT5 Windows Bridge Starting...
2025-10-22 18:22:22,778 - __main__ - INFO - ============================================================
2025-10-22 18:22:22,778 - __main__ - INFO - MT5 logged in successfully to Tickmill-Demo with account 25251142
2025-10-22 18:22:22,778 - __main__ - INFO - MT5 Account: 25251142, Balance: 1000.0, Server: Tickmill-Demo
2025-10-22 18:22:22,809 - __main__ - INFO - Connected to PostgreSQL at 10.30.90.102:5432
2025-10-22 18:22:22,824 - __main__ - INFO - Connected to Redis at 10.30.90.102:6379
2025-10-22 18:22:22,824 - __main__ - INFO - Performing initial sync...
2025-10-22 18:22:22,824 - __main__ - INFO - Running job: Fetch prices
2025-10-22 18:22:23,012 - __main__ - ERROR - Error storing price data: there is no unique or exclusion constraint matching the ON CONFLICT specification

2025-10-22 18:22:23,184 - __main__ - ERROR - Error storing price data: there is no unique or exclusion constraint matching the ON CONFLICT specification

2025-10-22 18:22:23,326 - __main__ - ERROR - Error storing price data: there is no unique or exclusion constraint matching the ON CONFLICT specification

2025-10-22 18:22:23,485 - __main__ - ERROR - Error storing price data: there is no unique or exclusion constraint matching the ON CONFLICT specification

2025-10-22 18:22:23,660 - __main__ - ERROR - Error storing price data: there is no unique or exclusion constraint matching the ON CONFLICT specification

2025-10-22 18:22:23,660 - __main__ - INFO - Running job: Sync account metrics
2025-10-22 18:22:23,715 - __main__ - ERROR - Error syncing account metrics: name 'margin_level' is not defined
2025-10-22 18:22:23,715 - __main__ - INFO - Running job: Sync active trades
2025-10-22 18:22:23,723 - __main__ - INFO - Synced 0 active trades
2025-10-22 18:22:23,723 - __main__ - ERROR - Error syncing trade history: there is no unique or exclusion constraint matching the ON CONFLICT specification

2025-10-22 18:22:23,723 - __main__ - INFO - ============================================================
2025-10-22 18:22:23,723 - __main__ - INFO - MT5 Windows Bridge Running!
2025-10-22 18:22:23,723 - __main__ - INFO - Scheduled tasks:
2025-10-22 18:22:23,723 - __main__ - INFO -   - Fetch prices: Every 1 minute
2025-10-22 18:22:23,723 - __main__ - INFO -   - Sync metrics: Every 1 minute
2025-10-22 18:22:23,723 - __main__ - INFO -   - Sync trades: Every 30 seconds
2025-10-22 18:22:23,723 - __main__ - INFO - ============================================================
2025-10-22 18:22:32,305 - __main__ - INFO - Running job: Sync active trades
2025-10-22 18:22:32,319 - __main__ - ERROR - Error syncing active trades: column "closed_at" does not exist
LINE 4:                     WHERE closed_at IS NULL
                                  ^

2025-10-22 18:22:53,938 - __main__ - INFO - Running job: Sync active trades
2025-10-22 18:22:53,938 - __main__ - INFO - Synced 0 active trades
2025-10-22 18:23:02,483 - __main__ - INFO - Running job: Fetch prices
2025-10-22 18:23:02,646 - __main__ - ERROR - Error storing price data: column "timestamp" of relation "price_data" does not exist
LINE 2:                 INSERT INTO price_data (timestamp, symbol, t...
                                                ^

2025-10-22 18:23:02,821 - __main__ - ERROR - Error storing price data: column "timestamp" of relation "price_data" does not exist
LINE 2:                 INSERT INTO price_data (timestamp, symbol, t...
                                                ^

2025-10-22 18:23:03,011 - __main__ - ERROR - Error storing price data: column "timestamp" of relation "price_data" does not exist
LINE 2:                 INSERT INTO price_data (timestamp, symbol, t...
                                                ^

2025-10-22 18:23:03,169 - __main__ - ERROR - Error storing price data: column "timestamp" of relation "price_data" does not exist
LINE 2:                 INSERT INTO price_data (timestamp, symbol, t...
                                                ^

2025-10-22 18:23:03,340 - __main__ - ERROR - Error storing price data: column "timestamp" of relation "price_data" does not exist
LINE 2:                 INSERT INTO price_data (timestamp, symbol, t...
                                                ^

2025-10-22 18:23:03,371 - __main__ - INFO - Running job: Sync account metrics
2025-10-22 18:23:03,371 - __main__ - ERROR - Error syncing account metrics: column "timestamp" of relation "account_metrics" does not exist
LINE 2:                 INSERT INTO account_metrics (timestamp, bala...
                                                     ^

2025-10-22 18:23:03,387 - __main__ - INFO - Running job: Sync active trades
2025-10-22 18:23:03,387 - __main__ - ERROR - Error syncing active trades: column "closed_at" does not exist
LINE 4:                     WHERE closed_at IS NULL
                                  ^

2025-10-22 18:23:24,183 - __main__ - INFO - Running job: Fetch prices
2025-10-22 18:23:24,315 - __main__ - ERROR - Error storing price data: there is no unique or exclusion constraint matching the ON CONFLICT specification

2025-10-22 18:23:24,442 - __main__ - ERROR - Error storing price data: there is no unique or exclusion constraint matching the ON CONFLICT specification

2025-10-22 18:23:24,569 - __main__ - ERROR - Error storing price data: there is no unique or exclusion constraint matching the ON CONFLICT specification

2025-10-22 18:23:24,695 - __main__ - ERROR - Error storing price data: there is no unique or exclusion constraint matching the ON CONFLICT specification

2025-10-22 18:23:24,838 - __main__ - ERROR - Error storing price data: there is no unique or exclusion constraint matching the ON CONFLICT specification

2025-10-22 18:23:24,840 - __main__ - INFO - Running job: Sync account metrics
2025-10-22 18:23:24,840 - __main__ - ERROR - Error syncing account metrics: name 'margin_level' is not defined
2025-10-22 18:23:24,840 - __main__ - INFO - Running job: Sync active trades
2025-10-22 18:23:24,840 - __main__ - INFO - Synced 0 active trades
2025-10-22 18:23:33,410 - __main__ - INFO - Running job: Sync active trades
2025-10-22 18:23:33,410 - __main__ - ERROR - Error syncing active trades: column "closed_at" does not exist
LINE 4:                     WHERE closed_at IS NULL
                                  ^

2025-10-22 18:23:54,873 - __main__ - INFO - Running job: Sync active trades
2025-10-22 18:23:54,953 - __main__ - INFO - Synced 0 active trades
2025-10-22 18:24:03,490 - __main__ - INFO - Running job: Fetch prices
2025-10-22 18:24:03,653 - __main__ - ERROR - Error storing price data: column "timestamp" of relation "price_data" does not exist
LINE 2:                 INSERT INTO price_data (timestamp, symbol, t...
                                                ^

2025-10-22 18:24:03,840 - __main__ - ERROR - Error storing price data: column "timestamp" of relation "price_data" does not exist
LINE 2:                 INSERT INTO price_data (timestamp, symbol, t...
                                                ^

2025-10-22 18:24:04,009 - __main__ - ERROR - Error storing price data: column "timestamp" of relation "price_data" does not exist
LINE 2:                 INSERT INTO price_data (timestamp, symbol, t...
                                                ^

2025-10-22 18:24:04,200 - __main__ - ERROR - Error storing price data: column "timestamp" of relation "price_data" does not exist
LINE 2:                 INSERT INTO price_data (timestamp, symbol, t...
                                                ^

2025-10-22 18:24:04,372 - __main__ - ERROR - Error storing price data: column "timestamp" of relation "price_data" does not exist
LINE 2:                 INSERT INTO price_data (timestamp, symbol, t...
                                                ^

2025-10-22 18:24:04,434 - __main__ - INFO - Running job: Sync account metrics
2025-10-22 18:24:04,450 - __main__ - ERROR - Error syncing account metrics: column "timestamp" of relation "account_metrics" does not exist
LINE 2:                 INSERT INTO account_metrics (timestamp, bala...
                                                     ^

2025-10-22 18:24:04,450 - __main__ - INFO - Running job: Sync active trades
2025-10-22 18:24:04,450 - __main__ - ERROR - Error syncing active trades: column "closed_at" does not exist
LINE 4:                     WHERE closed_at IS NULL
                                  ^

2025-10-22 18:24:34,569 - __main__ - INFO - Running job: Sync active trades
2025-10-22 18:24:34,569 - __main__ - ERROR - Error syncing active trades: column "closed_at" does not exist
LINE 4:                     WHERE closed_at IS NULL
                                  ^

2025-10-22 18:24:42,155 - __main__ - INFO - Shutting down...
2025-10-22 18:24:42,155 - __main__ - INFO - MT5 Windows Bridge stopped.
2025-10-22 18:26:34,684 - __main__ - INFO - ============================================================
2025-10-22 18:26:34,700 - __main__ - INFO - MT5 Windows Bridge Starting...
2025-10-22 18:26:34,700 - __main__ - INFO - ============================================================
2025-10-22 18:26:40,481 - __main__ - INFO - MT5 logged in successfully to Tickmill-Demo with account 25251142
2025-10-22 18:26:40,481 - __main__ - INFO - MT5 Account: 25251142, Balance: 1000.0, Server: Tickmill-Demo
2025-10-22 18:26:40,543 - __main__ - INFO - Connected to PostgreSQL at 10.30.90.102:5432
2025-10-22 18:26:40,575 - __main__ - INFO - Connected to Redis at 10.30.90.102:6379
2025-10-22 18:26:40,575 - __main__ - INFO - Performing initial sync...
2025-10-22 18:26:40,575 - __main__ - INFO - Running job: Fetch prices
2025-10-22 18:26:41,155 - __main__ - INFO - Stored 1000 price records for EURUSD
2025-10-22 18:26:41,522 - __main__ - INFO - Stored 1000 price records for GBPUSD
2025-10-22 18:26:41,879 - __main__ - INFO - Stored 1000 price records for USDJPY
2025-10-22 18:26:42,250 - __main__ - INFO - Stored 1000 price records for AUDUSD
2025-10-22 18:26:42,504 - __main__ - INFO - Stored 1000 price records for USDCAD
2025-10-22 18:26:42,504 - __main__ - INFO - Running job: Sync account metrics
2025-10-22 18:26:42,519 - __main__ - INFO - Synced account metrics: Balance=1000.0, Equity=1000.0
2025-10-22 18:26:42,519 - __main__ - INFO - Running job: Sync active trades
2025-10-22 18:26:42,519 - __main__ - INFO - Synced 0 active trades
2025-10-22 18:26:42,528 - __main__ - INFO - Synced 1 trade history records
2025-10-22 18:26:42,528 - __main__ - INFO - ============================================================
2025-10-22 18:26:42,535 - __main__ - INFO - MT5 Windows Bridge Running!
2025-10-22 18:26:42,535 - __main__ - INFO - Scheduled tasks:
2025-10-22 18:26:42,535 - __main__ - INFO -   - Fetch prices: Every 1 minute
2025-10-22 18:26:42,535 - __main__ - INFO -   - Sync metrics: Every 1 minute
2025-10-22 18:26:42,535 - __main__ - INFO -   - Sync trades: Every 30 seconds
2025-10-22 18:26:42,535 - __main__ - INFO - ============================================================
2025-10-22 18:27:12,647 - __main__ - INFO - Running job: Sync active trades
2025-10-22 18:27:12,647 - __main__ - INFO - Synced 0 active trades
2025-10-22 18:27:42,665 - __main__ - INFO - Running job: Fetch prices
2025-10-22 18:27:42,871 - __main__ - INFO - Stored 1000 price records for EURUSD
2025-10-22 18:27:43,086 - __main__ - INFO - Stored 1000 price records for GBPUSD
2025-10-22 18:27:43,323 - __main__ - INFO - Stored 1000 price records for USDJPY
2025-10-22 18:27:43,575 - __main__ - INFO - Stored 1000 price records for AUDUSD
2025-10-22 18:27:43,809 - __main__ - INFO - Stored 1000 price records for USDCAD
2025-10-22 18:27:43,809 - __main__ - INFO - Running job: Sync account metrics
2025-10-22 18:27:43,813 - __main__ - INFO - Synced account metrics: Balance=1000.0, Equity=1000.0
2025-10-22 18:27:43,813 - __main__ - INFO - Running job: Sync active trades
2025-10-22 18:27:43,813 - __main__ - INFO - Synced 0 active trades
2025-10-22 18:28:13,914 - __main__ - INFO - Running job: Sync active trades
2025-10-22 18:28:13,919 - __main__ - INFO - Synced 0 active trades
2025-10-22 18:28:43,964 - __main__ - INFO - Running job: Fetch prices
2025-10-22 18:28:44,184 - __main__ - INFO - Stored 1000 price records for EURUSD
2025-10-22 18:28:44,404 - __main__ - INFO - Stored 1000 price records for GBPUSD
2025-10-22 18:28:44,627 - __main__ - INFO - Stored 1000 price records for USDJPY
2025-10-22 18:28:44,850 - __main__ - INFO - Stored 1000 price records for AUDUSD
2025-10-22 18:28:45,059 - __main__ - INFO - Stored 1000 price records for USDCAD
2025-10-22 18:28:45,059 - __main__ - INFO - Running job: Sync account metrics
2025-10-22 18:28:45,059 - __main__ - INFO - Synced account metrics: Balance=1000.0, Equity=1000.0
2025-10-22 18:28:45,059 - __main__ - INFO - Running job: Sync active trades
2025-10-22 18:28:45,072 - __main__ - INFO - Synced 0 active trades
2025-10-22 18:29:15,100 - __main__ - INFO - Running job: Sync active trades
2025-10-22 18:29:15,108 - __main__ - INFO - Synced 0 active trades
2025-10-22 18:29:45,162 - __main__ - INFO - Running job: Fetch prices
2025-10-22 18:29:45,419 - __main__ - INFO - Stored 1000 price records for EURUSD
2025-10-22 18:29:45,668 - __main__ - INFO - Stored 1000 price records for GBPUSD
2025-10-22 18:29:45,875 - __main__ - INFO - Stored 1000 price records for USDJPY
2025-10-22 18:29:46,113 - __main__ - INFO - Stored 1000 price records for AUDUSD
2025-10-22 18:29:46,351 - __main__ - INFO - Stored 1000 price records for USDCAD
2025-10-22 18:29:46,351 - __main__ - INFO - Running job: Sync account metrics
2025-10-22 18:29:46,351 - __main__ - INFO - Synced account metrics: Balance=1000.0, Equity=1000.0
2025-10-22 18:29:46,351 - __main__ - INFO - Running job: Sync active trades
2025-10-22 18:29:46,351 - __main__ - INFO - Synced 0 active trades
2025-10-22 18:30:16,415 - __main__ - INFO - Running job: Sync active trades
2025-10-22 18:30:16,419 - __main__ - INFO - Synced 0 active trades
2025-10-22 18:30:46,449 - __main__ - INFO - Running job: Fetch prices
2025-10-22 18:30:46,684 - __main__ - INFO - Stored 1000 price records for EURUSD
2025-10-22 18:30:46,904 - __main__ - INFO - Stored 1000 price records for GBPUSD
2025-10-22 18:30:47,109 - __main__ - INFO - Stored 1000 price records for USDJPY
2025-10-22 18:30:47,316 - __main__ - INFO - Stored 1000 price records for AUDUSD
2025-10-22 18:30:47,538 - __main__ - INFO - Stored 1000 price records for USDCAD
2025-10-22 18:30:47,538 - __main__ - INFO - Running job: Sync account metrics
2025-10-22 18:30:47,538 - __main__ - INFO - Synced account metrics: Balance=1000.0, Equity=1000.0
2025-10-22 18:30:47,538 - __main__ - INFO - Running job: Sync active trades
2025-10-22 18:30:47,538 - __main__ - INFO - Synced 0 active trades
2025-10-22 18:31:17,571 - __main__ - INFO - Running job: Sync active trades
2025-10-22 18:31:17,590 - __main__ - INFO - Synced 0 active trades
2025-10-22 18:31:47,654 - __main__ - INFO - Running job: Fetch prices
2025-10-22 18:31:47,872 - __main__ - INFO - Stored 1000 price records for EURUSD
2025-10-22 18:31:48,090 - __main__ - INFO - Stored 1000 price records for GBPUSD
2025-10-22 18:31:48,309 - __main__ - INFO - Stored 1000 price records for USDJPY
2025-10-22 18:31:48,530 - __main__ - INFO - Stored 1000 price records for AUDUSD
2025-10-22 18:31:48,778 - __main__ - INFO - Stored 1000 price records for USDCAD
2025-10-22 18:31:48,778 - __main__ - INFO - Running job: Sync account metrics
2025-10-22 18:31:48,785 - __main__ - INFO - Synced account metrics: Balance=1000.0, Equity=1000.0
2025-10-22 18:31:48,785 - __main__ - INFO - Running job: Sync active trades
2025-10-22 18:31:48,785 - __main__ - INFO - Synced 0 active trades
2025-10-22 18:32:18,816 - __main__ - INFO - Running job: Sync active trades
2025-10-22 18:32:18,825 - __main__ - INFO - Synced 0 active trades
2025-10-22 18:32:48,848 - __main__ - INFO - Running job: Fetch prices
2025-10-22 18:32:49,098 - __main__ - INFO - Stored 1000 price records for EURUSD
2025-10-22 18:32:49,309 - __main__ - INFO - Stored 1000 price records for GBPUSD
2025-10-22 18:32:49,574 - __main__ - INFO - Stored 1000 price records for USDJPY
2025-10-22 18:32:49,810 - __main__ - INFO - Stored 1000 price records for AUDUSD
2025-10-22 18:32:50,081 - __main__ - INFO - Stored 1000 price records for USDCAD
2025-10-22 18:32:50,081 - __main__ - INFO - Running job: Sync account metrics
2025-10-22 18:32:50,090 - __main__ - INFO - Synced account metrics: Balance=1000.0, Equity=1000.0
2025-10-22 18:32:50,090 - __main__ - INFO - Running job: Sync active trades
2025-10-22 18:32:50,097 - __main__ - INFO - Synced 0 active trades
2025-10-22 18:33:20,120 - __main__ - INFO - Running job: Sync active trades
2025-10-22 18:33:20,134 - __main__ - INFO - Synced 0 active trades
2025-10-22 18:33:50,206 - __main__ - INFO - Running job: Fetch prices
2025-10-22 18:33:50,481 - __main__ - INFO - Stored 1000 price records for EURUSD
2025-10-22 18:33:50,731 - __main__ - INFO - Stored 1000 price records for GBPUSD
2025-10-22 18:33:51,028 - __main__ - INFO - Stored 1000 price records for USDJPY
2025-10-22 18:33:51,340 - __main__ - INFO - Stored 1000 price records for AUDUSD
2025-10-22 18:33:51,637 - __main__ - INFO - Stored 1000 price records for USDCAD
2025-10-22 18:33:51,637 - __main__ - INFO - Running job: Sync account metrics
2025-10-22 18:33:51,637 - __main__ - INFO - Synced account metrics: Balance=1000.0, Equity=1000.0
2025-10-22 18:33:51,637 - __main__ - INFO - Running job: Sync active trades
2025-10-22 18:33:51,653 - __main__ - INFO - Synced 0 active trades
2025-10-22 18:34:21,754 - __main__ - INFO - Running job: Sync active trades
2025-10-22 18:34:21,786 - __main__ - INFO - Synced 0 active trades
2025-10-22 18:34:51,899 - __main__ - INFO - Running job: Fetch prices
2025-10-22 18:34:52,263 - __main__ - INFO - Stored 1000 price records for EURUSD
2025-10-22 18:34:52,597 - __main__ - INFO - Stored 1000 price records for GBPUSD
2025-10-22 18:34:52,871 - __main__ - INFO - Stored 1000 price records for USDJPY
2025-10-22 18:34:53,136 - __main__ - INFO - Stored 1000 price records for AUDUSD
2025-10-22 18:34:53,434 - __main__ - INFO - Stored 1000 price records for USDCAD
2025-10-22 18:34:53,434 - __main__ - INFO - Running job: Sync account metrics
2025-10-22 18:34:53,434 - __main__ - INFO - Synced account metrics: Balance=1000.0, Equity=1000.0
2025-10-22 18:34:53,434 - __main__ - INFO - Running job: Sync active trades
2025-10-22 18:34:53,450 - __main__ - INFO - Synced 0 active trades
2025-10-22 18:35:23,521 - __main__ - INFO - Running job: Sync active trades
2025-10-22 18:35:23,521 - __main__ - INFO - Synced 0 active trades
2025-10-22 18:35:53,542 - __main__ - INFO - Running job: Fetch prices
2025-10-22 18:35:53,746 - __main__ - INFO - Stored 1000 price records for EURUSD
2025-10-22 18:35:53,981 - __main__ - INFO - Stored 1000 price records for GBPUSD
2025-10-22 18:35:54,202 - __main__ - INFO - Stored 1000 price records for USDJPY
2025-10-22 18:35:54,568 - __main__ - INFO - Stored 1000 price records for AUDUSD
2025-10-22 18:35:54,822 - __main__ - INFO - Stored 1000 price records for USDCAD
2025-10-22 18:35:54,822 - __main__ - INFO - Running job: Sync account metrics
2025-10-22 18:35:54,822 - __main__ - INFO - Synced account metrics: Balance=1000.0, Equity=1000.0
2025-10-22 18:35:54,822 - __main__ - INFO - Running job: Sync active trades
2025-10-22 18:35:54,822 - __main__ - INFO - Synced 0 active trades
2025-10-22 18:36:24,904 - __main__ - INFO - Running job: Sync active trades
2025-10-22 18:36:24,923 - __main__ - INFO - Synced 0 active trades
2025-10-22 18:36:55,105 - __main__ - INFO - Running job: Fetch prices
2025-10-22 18:36:55,325 - __main__ - INFO - Stored 1000 price records for EURUSD
2025-10-22 18:36:55,528 - __main__ - INFO - Stored 1000 price records for GBPUSD
2025-10-22 18:36:55,762 - __main__ - INFO - Stored 1000 price records for USDJPY
2025-10-22 18:36:55,982 - __main__ - INFO - Stored 1000 price records for AUDUSD
2025-10-22 18:36:56,188 - __main__ - INFO - Stored 1000 price records for USDCAD
2025-10-22 18:36:56,204 - __main__ - INFO - Running job: Sync account metrics
2025-10-22 18:36:56,204 - __main__ - INFO - Synced account metrics: Balance=1000.0, Equity=1000.0
2025-10-22 18:36:56,204 - __main__ - INFO - Running job: Sync active trades
2025-10-22 18:36:56,215 - __main__ - INFO - Synced 0 active trades
2025-10-22 18:37:26,232 - __main__ - INFO - Running job: Sync active trades
2025-10-22 18:37:26,232 - __main__ - INFO - Synced 0 active trades
2025-10-22 18:37:56,254 - __main__ - INFO - Running job: Fetch prices
2025-10-22 18:37:56,465 - __main__ - INFO - Stored 1000 price records for EURUSD
2025-10-22 18:37:56,684 - __main__ - INFO - Stored 1000 price records for GBPUSD
2025-10-22 18:37:56,919 - __main__ - INFO - Stored 1000 price records for USDJPY
2025-10-22 18:37:57,169 - __main__ - INFO - Stored 1000 price records for AUDUSD
2025-10-22 18:37:57,387 - __main__ - INFO - Stored 1000 price records for USDCAD
2025-10-22 18:37:57,387 - __main__ - INFO - Running job: Sync account metrics
2025-10-22 18:37:57,403 - __main__ - INFO - Synced account metrics: Balance=1000.0, Equity=1000.0
2025-10-22 18:37:57,403 - __main__ - INFO - Running job: Sync active trades
2025-10-22 18:37:57,403 - __main__ - INFO - Synced 0 active trades
2025-10-22 18:38:27,432 - __main__ - INFO - Running job: Sync active trades
2025-10-22 18:38:27,434 - __main__ - INFO - Synced 0 active trades
2025-10-22 18:38:57,457 - __main__ - INFO - Running job: Fetch prices
2025-10-22 18:38:57,724 - __main__ - INFO - Stored 1000 price records for EURUSD
2025-10-22 18:38:57,979 - __main__ - INFO - Stored 1000 price records for GBPUSD
2025-10-22 18:38:58,184 - __main__ - INFO - Stored 1000 price records for USDJPY
2025-10-22 18:38:58,403 - __main__ - INFO - Stored 1000 price records for AUDUSD
2025-10-22 18:38:58,622 - __main__ - INFO - Stored 1000 price records for USDCAD
2025-10-22 18:38:58,622 - __main__ - INFO - Running job: Sync account metrics
2025-10-22 18:38:58,637 - __main__ - INFO - Synced account metrics: Balance=1000.0, Equity=1000.0
2025-10-22 18:38:58,637 - __main__ - INFO - Running job: Sync active trades
2025-10-22 18:38:58,637 - __main__ - INFO - Synced 0 active trades
2025-10-22 18:39:28,659 - __main__ - INFO - Running job: Sync active trades
2025-10-22 18:39:28,660 - __main__ - INFO - Synced 0 active trades
2025-10-22 18:39:58,694 - __main__ - INFO - Running job: Fetch prices
2025-10-22 18:39:58,981 - __main__ - INFO - Stored 1000 price records for EURUSD
2025-10-22 18:39:59,215 - __main__ - INFO - Stored 1000 price records for GBPUSD
2025-10-22 18:39:59,497 - __main__ - INFO - Stored 1000 price records for USDJPY
2025-10-22 18:39:59,800 - __main__ - INFO - Stored 1000 price records for AUDUSD
2025-10-22 18:40:00,153 - __main__ - INFO - Stored 1000 price records for USDCAD
2025-10-22 18:40:00,153 - __main__ - INFO - Running job: Sync account metrics
2025-10-22 18:40:00,153 - __main__ - INFO - Synced account metrics: Balance=1000.0, Equity=1000.0
2025-10-22 18:40:00,153 - __main__ - INFO - Running job: Sync active trades
2025-10-22 18:40:00,153 - __main__ - INFO - Synced 0 active trades
2025-10-22 18:40:30,182 - __main__ - INFO - Running job: Sync active trades
2025-10-22 18:40:30,193 - __main__ - INFO - Synced 0 active trades
2025-10-22 18:41:00,224 - __main__ - INFO - Running job: Fetch prices
2025-10-22 18:41:00,482 - __main__ - INFO - Stored 1000 price records for EURUSD
2025-10-22 18:41:00,721 - __main__ - INFO - Stored 1000 price records for GBPUSD
2025-10-22 18:41:00,991 - __main__ - INFO - Stored 1000 price records for USDJPY
2025-10-22 18:41:01,215 - __main__ - INFO - Stored 1000 price records for AUDUSD
2025-10-22 18:41:01,450 - __main__ - INFO - Stored 1000 price records for USDCAD
2025-10-22 18:41:01,450 - __main__ - INFO - Running job: Sync account metrics
2025-10-22 18:41:01,465 - __main__ - INFO - Synced account metrics: Balance=1000.0, Equity=1000.0
2025-10-22 18:41:01,465 - __main__ - INFO - Running job: Sync active trades
2025-10-22 18:41:01,465 - __main__ - INFO - Synced 0 active trades
2025-10-22 18:41:31,504 - __main__ - INFO - Running job: Sync active trades
2025-10-22 18:41:31,504 - __main__ - INFO - Synced 0 active trades
2025-10-22 18:42:01,528 - __main__ - INFO - Running job: Fetch prices
2025-10-22 18:42:01,746 - __main__ - INFO - Stored 1000 price records for EURUSD
2025-10-22 18:42:02,000 - __main__ - INFO - Stored 1000 price records for GBPUSD
2025-10-22 18:42:02,309 - __main__ - INFO - Stored 1000 price records for USDJPY
2025-10-22 18:42:02,528 - __main__ - INFO - Stored 1000 price records for AUDUSD
2025-10-22 18:42:02,778 - __main__ - INFO - Stored 1000 price records for USDCAD
2025-10-22 18:42:02,794 - __main__ - INFO - Running job: Sync account metrics
2025-10-22 18:42:02,794 - __main__ - INFO - Synced account metrics: Balance=1000.0, Equity=1000.0
2025-10-22 18:42:02,809 - __main__ - INFO - Running job: Sync active trades
2025-10-22 18:42:02,810 - __main__ - INFO - Synced 0 active trades
2025-10-22 18:42:32,831 - __main__ - INFO - Running job: Sync active trades
2025-10-22 18:42:32,857 - __main__ - INFO - Synced 0 active trades
2025-10-22 18:43:02,875 - __main__ - INFO - Running job: Fetch prices
2025-10-22 18:43:03,098 - __main__ - INFO - Stored 1000 price records for EURUSD
2025-10-22 18:43:03,415 - __main__ - INFO - Stored 1000 price records for GBPUSD
2025-10-22 18:43:03,653 - __main__ - INFO - Stored 1000 price records for USDJPY
2025-10-22 18:43:03,871 - __main__ - INFO - Stored 1000 price records for AUDUSD
2025-10-22 18:43:04,109 - __main__ - INFO - Stored 1000 price records for USDCAD
2025-10-22 18:43:04,109 - __main__ - INFO - Running job: Sync account metrics
2025-10-22 18:43:04,125 - __main__ - INFO - Synced account metrics: Balance=1000.0, Equity=1000.0
2025-10-22 18:43:04,125 - __main__ - INFO - Running job: Sync active trades
2025-10-22 18:43:04,125 - __main__ - INFO - Synced 0 active trades
2025-10-22 18:43:34,155 - __main__ - INFO - Running job: Sync active trades
2025-10-22 18:43:34,166 - __main__ - INFO - Synced 0 active trades
2025-10-22 18:44:04,195 - __main__ - INFO - Running job: Fetch prices
2025-10-22 18:44:04,407 - __main__ - INFO - Stored 1000 price records for EURUSD
2025-10-22 18:44:04,630 - __main__ - INFO - Stored 1000 price records for GBPUSD
2025-10-22 18:44:04,867 - __main__ - INFO - Stored 1000 price records for USDJPY
2025-10-22 18:44:05,090 - __main__ - INFO - Stored 1000 price records for AUDUSD
2025-10-22 18:44:05,343 - __main__ - INFO - Stored 1000 price records for USDCAD
2025-10-22 18:44:05,343 - __main__ - INFO - Running job: Sync account metrics
2025-10-22 18:44:05,343 - __main__ - INFO - Synced account metrics: Balance=1000.0, Equity=1000.0
2025-10-22 18:44:05,343 - __main__ - INFO - Running job: Sync active trades
2025-10-22 18:44:05,343 - __main__ - INFO - Synced 0 active trades
2025-10-22 18:44:35,377 - __main__ - INFO - Running job: Sync active trades
2025-10-22 18:44:35,377 - __main__ - INFO - Synced 0 active trades
2025-10-22 18:45:05,400 - __main__ - INFO - Running job: Fetch prices
2025-10-22 18:45:05,629 - __main__ - INFO - Stored 1000 price records for EURUSD
2025-10-22 18:45:05,840 - __main__ - INFO - Stored 1000 price records for GBPUSD
2025-10-22 18:45:06,059 - __main__ - INFO - Stored 1000 price records for USDJPY
2025-10-22 18:45:06,263 - __main__ - INFO - Stored 1000 price records for AUDUSD
2025-10-22 18:45:06,502 - __main__ - INFO - Stored 1000 price records for USDCAD
2025-10-22 18:45:06,502 - __main__ - INFO - Running job: Sync account metrics
2025-10-22 18:45:06,517 - __main__ - INFO - Synced account metrics: Balance=1000.0, Equity=1000.0
2025-10-22 18:45:06,517 - __main__ - INFO - Running job: Sync active trades
2025-10-22 18:45:06,517 - __main__ - INFO - Synced 0 active trades
2025-10-22 18:45:36,549 - __main__ - INFO - Running job: Sync active trades
2025-10-22 18:45:36,563 - __main__ - INFO - Synced 0 active trades
2025-10-22 18:46:06,941 - __main__ - INFO - Running job: Fetch prices
2025-10-22 18:46:07,249 - __main__ - INFO - Stored 1000 price records for EURUSD
2025-10-22 18:46:07,545 - __main__ - INFO - Stored 1000 price records for GBPUSD
2025-10-22 18:46:07,812 - __main__ - INFO - Stored 1000 price records for USDJPY
2025-10-22 18:46:08,029 - __main__ - INFO - Stored 1000 price records for AUDUSD
2025-10-22 18:46:08,343 - __main__ - INFO - Stored 1000 price records for USDCAD
2025-10-22 18:46:08,343 - __main__ - INFO - Running job: Sync account metrics
2025-10-22 18:46:08,350 - __main__ - INFO - Synced account metrics: Balance=1000.0, Equity=1000.0
2025-10-22 18:46:08,350 - __main__ - INFO - Running job: Sync active trades
2025-10-22 18:46:08,354 - __main__ - INFO - Synced 0 active trades
2025-10-22 18:46:38,950 - __main__ - INFO - Running job: Sync active trades
2025-10-22 18:46:38,954 - __main__ - INFO - Synced 0 active trades
2025-10-22 18:47:09,194 - __main__ - INFO - Running job: Fetch prices
2025-10-22 18:47:09,579 - __main__ - INFO - Stored 1000 price records for EURUSD
2025-10-22 18:47:09,949 - __main__ - INFO - Stored 1000 price records for GBPUSD
2025-10-22 18:47:10,247 - __main__ - INFO - Stored 1000 price records for USDJPY
2025-10-22 18:47:10,622 - __main__ - INFO - Stored 1000 price records for AUDUSD
2025-10-22 18:47:10,890 - __main__ - INFO - Stored 1000 price records for USDCAD
2025-10-22 18:47:10,890 - __main__ - INFO - Running job: Sync account metrics
2025-10-22 18:47:10,907 - __main__ - INFO - Synced account metrics: Balance=1000.0, Equity=1000.0
2025-10-22 18:47:10,907 - __main__ - INFO - Running job: Sync active trades
2025-10-22 18:47:10,907 - __main__ - INFO - Synced 0 active trades
2025-10-22 18:47:40,930 - __main__ - INFO - Running job: Sync active trades
2025-10-22 18:47:40,942 - __main__ - INFO - Synced 0 active trades
2025-10-22 18:48:10,964 - __main__ - INFO - Running job: Fetch prices
2025-10-22 18:48:11,168 - __main__ - INFO - Stored 1000 price records for EURUSD
2025-10-22 18:48:11,419 - __main__ - INFO - Stored 1000 price records for GBPUSD
2025-10-22 18:48:11,657 - __main__ - INFO - Stored 1000 price records for USDJPY
2025-10-22 18:48:11,895 - __main__ - INFO - Stored 1000 price records for AUDUSD
2025-10-22 18:48:12,121 - __main__ - INFO - Stored 1000 price records for USDCAD
2025-10-22 18:48:12,121 - __main__ - INFO - Running job: Sync account metrics
2025-10-22 18:48:12,134 - __main__ - INFO - Synced account metrics: Balance=1000.0, Equity=1000.0
2025-10-22 18:48:12,134 - __main__ - INFO - Running job: Sync active trades
2025-10-22 18:48:12,134 - __main__ - INFO - Synced 0 active trades
2025-10-22 18:48:42,216 - __main__ - INFO - Running job: Sync active trades
2025-10-22 18:48:42,216 - __main__ - INFO - Synced 0 active trades
2025-10-22 18:49:12,961 - __main__ - INFO - Running job: Fetch prices
2025-10-22 18:49:13,187 - __main__ - INFO - Stored 1000 price records for EURUSD
2025-10-22 18:49:13,409 - __main__ - INFO - Stored 1000 price records for GBPUSD
2025-10-22 18:49:13,630 - __main__ - INFO - Stored 1000 price records for USDJPY
2025-10-22 18:49:13,868 - __main__ - INFO - Stored 1000 price records for AUDUSD
2025-10-22 18:49:14,169 - __main__ - INFO - Stored 1000 price records for USDCAD
2025-10-22 18:49:14,169 - __main__ - INFO - Running job: Sync account metrics
2025-10-22 18:49:14,184 - __main__ - INFO - Synced account metrics: Balance=1000.0, Equity=1000.0
2025-10-22 18:49:14,184 - __main__ - INFO - Running job: Sync active trades
2025-10-22 18:49:14,184 - __main__ - INFO - Synced 0 active trades
2025-10-22 18:49:44,216 - __main__ - INFO - Running job: Sync active trades
2025-10-22 18:49:44,236 - __main__ - INFO - Synced 0 active trades
2025-10-22 18:50:14,256 - __main__ - INFO - Running job: Fetch prices
2025-10-22 18:50:14,496 - __main__ - INFO - Stored 1000 price records for EURUSD
2025-10-22 18:50:14,765 - __main__ - INFO - Stored 1000 price records for GBPUSD
2025-10-22 18:50:15,019 - __main__ - INFO - Stored 1000 price records for USDJPY
2025-10-22 18:50:15,225 - __main__ - INFO - Stored 1000 price records for AUDUSD
2025-10-22 18:50:15,434 - __main__ - INFO - Stored 1000 price records for USDCAD
2025-10-22 18:50:15,434 - __main__ - INFO - Running job: Sync account metrics
2025-10-22 18:50:15,448 - __main__ - INFO - Synced account metrics: Balance=1000.0, Equity=1000.0
2025-10-22 18:50:15,448 - __main__ - INFO - Running job: Sync active trades
2025-10-22 18:50:15,448 - __main__ - INFO - Synced 0 active trades
2025-10-22 18:50:45,472 - __main__ - INFO - Running job: Sync active trades
2025-10-22 18:50:45,490 - __main__ - INFO - Synced 0 active trades
2025-10-22 18:51:15,512 - __main__ - INFO - Running job: Fetch prices
2025-10-22 18:51:15,731 - __main__ - INFO - Stored 1000 price records for EURUSD
2025-10-22 18:51:15,965 - __main__ - INFO - Stored 1000 price records for GBPUSD
2025-10-22 18:51:16,171 - __main__ - INFO - Stored 1000 price records for USDJPY
2025-10-22 18:51:16,409 - __main__ - INFO - Stored 1000 price records for AUDUSD
2025-10-22 18:51:16,664 - __main__ - INFO - Stored 1000 price records for USDCAD
2025-10-22 18:51:16,664 - __main__ - INFO - Running job: Sync account metrics
2025-10-22 18:51:16,664 - __main__ - INFO - Synced account metrics: Balance=1000.0, Equity=1000.0
2025-10-22 18:51:16,664 - __main__ - INFO - Running job: Sync active trades
2025-10-22 18:51:16,684 - __main__ - INFO - Synced 0 active trades
2025-10-22 18:51:46,751 - __main__ - INFO - Running job: Sync active trades
2025-10-22 18:51:46,762 - __main__ - INFO - Synced 0 active trades
2025-10-22 18:52:16,792 - __main__ - INFO - Running job: Fetch prices
2025-10-22 18:52:17,090 - __main__ - INFO - Stored 1000 price records for EURUSD
2025-10-22 18:52:17,320 - __main__ - INFO - Stored 1000 price records for GBPUSD
2025-10-22 18:52:17,528 - __main__ - INFO - Stored 1000 price records for USDJPY
2025-10-22 18:52:17,746 - __main__ - INFO - Stored 1000 price records for AUDUSD
2025-10-22 18:52:17,981 - __main__ - INFO - Stored 1000 price records for USDCAD
2025-10-22 18:52:17,981 - __main__ - INFO - Running job: Sync account metrics
2025-10-22 18:52:17,981 - __main__ - INFO - Synced account metrics: Balance=1000.0, Equity=1000.0
2025-10-22 18:52:17,981 - __main__ - INFO - Running job: Sync active trades
2025-10-22 18:52:17,981 - __main__ - INFO - Synced 0 active trades
2025-10-22 18:52:48,014 - __main__ - INFO - Running job: Sync active trades
2025-10-22 18:52:48,014 - __main__ - INFO - Synced 0 active trades
2025-10-22 18:53:18,039 - __main__ - INFO - Running job: Fetch prices
2025-10-22 18:53:18,268 - __main__ - INFO - Stored 1000 price records for EURUSD
2025-10-22 18:53:18,522 - __main__ - INFO - Stored 1000 price records for GBPUSD
2025-10-22 18:53:18,747 - __main__ - INFO - Stored 1000 price records for USDJPY
2025-10-22 18:53:19,331 - __main__ - INFO - Stored 1000 price records for AUDUSD
2025-10-22 18:53:19,656 - __main__ - INFO - Stored 1000 price records for USDCAD
2025-10-22 18:53:19,656 - __main__ - INFO - Running job: Sync account metrics
2025-10-22 18:53:19,672 - __main__ - INFO - Synced account metrics: Balance=1000.0, Equity=1000.0
2025-10-22 18:53:19,672 - __main__ - INFO - Running job: Sync active trades
2025-10-22 18:53:19,689 - __main__ - INFO - Synced 0 active trades
2025-10-22 18:53:49,721 - __main__ - INFO - Running job: Sync active trades
2025-10-22 18:53:49,721 - __main__ - INFO - Synced 0 active trades
2025-10-22 18:54:19,755 - __main__ - INFO - Running job: Fetch prices
2025-10-22 18:54:20,023 - __main__ - INFO - Stored 1000 price records for EURUSD
2025-10-22 18:54:20,229 - __main__ - INFO - Stored 1000 price records for GBPUSD
2025-10-22 18:54:20,465 - __main__ - INFO - Stored 1000 price records for USDJPY
2025-10-22 18:54:20,701 - __main__ - INFO - Stored 1000 price records for AUDUSD
2025-10-22 18:54:20,940 - __main__ - INFO - Stored 1000 price records for USDCAD
2025-10-22 18:54:20,940 - __main__ - INFO - Running job: Sync account metrics
2025-10-22 18:54:20,955 - __main__ - INFO - Synced account metrics: Balance=1000.0, Equity=1000.0
2025-10-22 18:54:20,955 - __main__ - INFO - Running job: Sync active trades
2025-10-22 18:54:20,955 - __main__ - INFO - Synced 0 active trades
2025-10-22 18:54:50,977 - __main__ - INFO - Running job: Sync active trades
2025-10-22 18:54:50,977 - __main__ - INFO - Synced 0 active trades
2025-10-22 18:55:21,049 - __main__ - INFO - Running job: Fetch prices
2025-10-22 18:55:21,278 - __main__ - INFO - Stored 1000 price records for EURUSD
2025-10-22 18:55:21,497 - __main__ - INFO - Stored 1000 price records for GBPUSD
2025-10-22 18:55:21,715 - __main__ - INFO - Stored 1000 price records for USDJPY
2025-10-22 18:55:21,934 - __main__ - INFO - Stored 1000 price records for AUDUSD
2025-10-22 18:55:22,137 - __main__ - INFO - Stored 1000 price records for USDCAD
2025-10-22 18:55:22,137 - __main__ - INFO - Running job: Sync account metrics
2025-10-22 18:55:22,137 - __main__ - INFO - Synced account metrics: Balance=1000.0, Equity=1000.0
2025-10-22 18:55:22,137 - __main__ - INFO - Running job: Sync active trades
2025-10-22 18:55:22,153 - __main__ - INFO - Synced 0 active trades
2025-10-22 18:55:52,750 - __main__ - INFO - Running job: Sync active trades
2025-10-22 18:55:52,752 - __main__ - INFO - Synced 0 active trades
2025-10-22 18:56:22,786 - __main__ - INFO - Running job: Fetch prices
2025-10-22 18:56:23,070 - __main__ - INFO - Stored 1000 price records for EURUSD
2025-10-22 18:56:23,309 - __main__ - INFO - Stored 1000 price records for GBPUSD
2025-10-22 18:56:23,528 - __main__ - INFO - Stored 1000 price records for USDJPY
2025-10-22 18:56:23,731 - __main__ - INFO - Stored 1000 price records for AUDUSD
2025-10-22 18:56:23,950 - __main__ - INFO - Stored 1000 price records for USDCAD
2025-10-22 18:56:23,950 - __main__ - INFO - Running job: Sync account metrics
2025-10-22 18:56:23,965 - __main__ - INFO - Synced account metrics: Balance=1000.0, Equity=1000.0
2025-10-22 18:56:23,965 - __main__ - INFO - Running job: Sync active trades
2025-10-22 18:56:23,965 - __main__ - INFO - Synced 0 active trades
2025-10-22 18:56:54,109 - __main__ - INFO - Running job: Sync active trades
2025-10-22 18:56:54,109 - __main__ - INFO - Synced 0 active trades
2025-10-22 18:57:24,132 - __main__ - INFO - Running job: Fetch prices
2025-10-22 18:57:24,371 - __main__ - INFO - Stored 1000 price records for EURUSD
2025-10-22 18:57:24,590 - __main__ - INFO - Stored 1000 price records for GBPUSD
2025-10-22 18:57:24,794 - __main__ - INFO - Stored 1000 price records for USDJPY
2025-10-22 18:57:25,012 - __main__ - INFO - Stored 1000 price records for AUDUSD
2025-10-22 18:57:25,310 - __main__ - INFO - Stored 1000 price records for USDCAD
2025-10-22 18:57:25,310 - __main__ - INFO - Running job: Sync account metrics
2025-10-22 18:57:25,342 - __main__ - INFO - Synced account metrics: Balance=1000.0, Equity=1000.0
2025-10-22 18:57:25,342 - __main__ - INFO - Running job: Sync active trades
2025-10-22 18:57:25,358 - __main__ - INFO - Synced 0 active trades
2025-10-22 18:57:55,381 - __main__ - INFO - Running job: Sync active trades
2025-10-22 18:57:55,381 - __main__ - INFO - Synced 0 active trades
2025-10-22 18:58:25,401 - __main__ - INFO - Running job: Fetch prices
2025-10-22 18:58:25,637 - __main__ - INFO - Stored 1000 price records for EURUSD
2025-10-22 18:58:25,887 - __main__ - INFO - Stored 1000 price records for GBPUSD
2025-10-22 18:58:26,106 - __main__ - INFO - Stored 1000 price records for USDJPY
2025-10-22 18:58:26,340 - __main__ - INFO - Stored 1000 price records for AUDUSD
2025-10-22 18:58:26,575 - __main__ - INFO - Stored 1000 price records for USDCAD
2025-10-22 18:58:26,575 - __main__ - INFO - Running job: Sync account metrics
2025-10-22 18:58:26,575 - __main__ - INFO - Synced account metrics: Balance=1000.0, Equity=1000.0
2025-10-22 18:58:26,575 - __main__ - INFO - Running job: Sync active trades
2025-10-22 18:58:26,591 - __main__ - INFO - Synced 0 active trades
2025-10-22 18:58:56,617 - __main__ - INFO - Running job: Sync active trades
2025-10-22 18:58:56,622 - __main__ - INFO - Synced 0 active trades
2025-10-22 18:59:26,648 - __main__ - INFO - Running job: Fetch prices
2025-10-22 18:59:26,910 - __main__ - INFO - Stored 1000 price records for EURUSD
2025-10-22 18:59:27,132 - __main__ - INFO - Stored 1000 price records for GBPUSD
2025-10-22 18:59:27,386 - __main__ - INFO - Stored 1000 price records for USDJPY
2025-10-22 18:59:27,590 - __main__ - INFO - Stored 1000 price records for AUDUSD
2025-10-22 18:59:27,809 - __main__ - INFO - Stored 1000 price records for USDCAD
2025-10-22 18:59:27,809 - __main__ - INFO - Running job: Sync account metrics
2025-10-22 18:59:27,809 - __main__ - INFO - Synced account metrics: Balance=1000.0, Equity=1000.0
2025-10-22 18:59:27,809 - __main__ - INFO - Running job: Sync active trades
2025-10-22 18:59:27,809 - __main__ - INFO - Synced 0 active trades
2025-10-22 18:59:57,850 - __main__ - INFO - Running job: Sync active trades
2025-10-22 18:59:57,881 - __main__ - INFO - Synced 0 active trades
2025-10-22 19:00:27,903 - __main__ - INFO - Running job: Fetch prices
2025-10-22 19:00:28,215 - __main__ - INFO - Stored 1000 price records for EURUSD
2025-10-22 19:00:28,481 - __main__ - INFO - Stored 1000 price records for GBPUSD
2025-10-22 19:00:28,747 - __main__ - INFO - Stored 1000 price records for USDJPY
2025-10-22 19:00:28,997 - __main__ - INFO - Stored 1000 price records for AUDUSD
2025-10-22 19:00:29,231 - __main__ - INFO - Stored 1000 price records for USDCAD
2025-10-22 19:00:29,247 - __main__ - INFO - Running job: Sync account metrics
2025-10-22 19:00:29,293 - __main__ - INFO - Synced account metrics: Balance=1000.0, Equity=1000.0
2025-10-22 19:00:29,293 - __main__ - INFO - Running job: Sync active trades
2025-10-22 19:00:29,293 - __main__ - INFO - Synced 0 active trades
2025-10-22 19:00:59,323 - __main__ - INFO - Running job: Sync active trades
2025-10-22 19:00:59,328 - __main__ - INFO - Synced 0 active trades
2025-10-22 19:01:29,353 - __main__ - INFO - Running job: Fetch prices
2025-10-22 19:01:29,593 - __main__ - INFO - Stored 1000 price records for EURUSD
2025-10-22 19:01:29,840 - __main__ - INFO - Stored 1000 price records for GBPUSD
2025-10-22 19:01:30,085 - __main__ - INFO - Stored 1000 price records for USDJPY
2025-10-22 19:01:30,323 - __main__ - INFO - Stored 1000 price records for AUDUSD
2025-10-22 19:01:30,561 - __main__ - INFO - Stored 1000 price records for USDCAD
2025-10-22 19:01:30,561 - __main__ - INFO - Running job: Sync account metrics
2025-10-22 19:01:30,561 - __main__ - INFO - Synced account metrics: Balance=1000.0, Equity=1000.0
2025-10-22 19:01:30,561 - __main__ - INFO - Running job: Sync active trades
2025-10-22 19:01:30,576 - __main__ - INFO - Synced 0 active trades
2025-10-22 19:02:00,598 - __main__ - INFO - Running job: Sync active trades
2025-10-22 19:02:00,610 - __main__ - INFO - Synced 0 active trades
2025-10-22 19:02:30,743 - __main__ - INFO - Running job: Fetch prices
2025-10-22 19:02:31,090 - __main__ - INFO - Stored 1000 price records for EURUSD
2025-10-22 19:02:31,325 - __main__ - INFO - Stored 1000 price records for GBPUSD
2025-10-22 19:02:31,559 - __main__ - INFO - Stored 1000 price records for USDJPY
2025-10-22 19:02:31,809 - __main__ - INFO - Stored 1000 price records for AUDUSD
2025-10-22 19:02:32,075 - __main__ - INFO - Stored 1000 price records for USDCAD
2025-10-22 19:02:32,090 - __main__ - INFO - Running job: Sync account metrics
2025-10-22 19:02:32,090 - __main__ - INFO - Synced account metrics: Balance=1000.0, Equity=1000.0
2025-10-22 19:02:32,090 - __main__ - INFO - Running job: Sync active trades
2025-10-22 19:02:32,090 - __main__ - INFO - Synced 0 active trades
2025-10-22 19:03:02,243 - __main__ - INFO - Running job: Sync active trades
2025-10-22 19:03:02,246 - __main__ - INFO - Synced 0 active trades
2025-10-22 19:03:32,264 - __main__ - INFO - Running job: Fetch prices
2025-10-22 19:03:32,573 - __main__ - INFO - Stored 1000 price records for EURUSD
2025-10-22 19:03:32,918 - __main__ - INFO - Stored 1000 price records for GBPUSD
2025-10-22 19:03:33,153 - __main__ - INFO - Stored 1000 price records for USDJPY
2025-10-22 19:03:33,403 - __main__ - INFO - Stored 1000 price records for AUDUSD
2025-10-22 19:03:33,731 - __main__ - INFO - Stored 1000 price records for USDCAD
2025-10-22 19:03:33,731 - __main__ - INFO - Running job: Sync account metrics
2025-10-22 19:03:33,747 - __main__ - INFO - Synced account metrics: Balance=1000.0, Equity=1000.0
2025-10-22 19:03:33,747 - __main__ - INFO - Running job: Sync active trades
2025-10-22 19:03:33,747 - __main__ - INFO - Synced 0 active trades
2025-10-22 19:04:03,846 - __main__ - INFO - Running job: Sync active trades
2025-10-22 19:04:03,846 - __main__ - INFO - Synced 0 active trades
2025-10-22 19:04:33,904 - __main__ - INFO - Running job: Fetch prices
2025-10-22 19:04:34,117 - __main__ - INFO - Stored 1000 price records for EURUSD
2025-10-22 19:04:34,324 - __main__ - INFO - Stored 1000 price records for GBPUSD
2025-10-22 19:04:34,546 - __main__ - INFO - Stored 1000 price records for USDJPY
2025-10-22 19:04:34,809 - __main__ - INFO - Stored 1000 price records for AUDUSD
2025-10-22 19:04:35,028 - __main__ - INFO - Stored 1000 price records for USDCAD
2025-10-22 19:04:35,028 - __main__ - INFO - Running job: Sync account metrics
2025-10-22 19:04:35,038 - __main__ - INFO - Synced account metrics: Balance=1000.0, Equity=1000.0
2025-10-22 19:04:35,038 - __main__ - INFO - Running job: Sync active trades
2025-10-22 19:04:35,054 - __main__ - INFO - Synced 0 active trades
2025-10-22 19:05:05,070 - __main__ - INFO - Running job: Sync active trades
2025-10-22 19:05:05,070 - __main__ - INFO - Synced 0 active trades
2025-10-22 19:05:35,092 - __main__ - INFO - Running job: Fetch prices
2025-10-22 19:05:35,325 - __main__ - INFO - Stored 1000 price records for EURUSD
2025-10-22 19:05:35,546 - __main__ - INFO - Stored 1000 price records for GBPUSD
2025-10-22 19:05:35,768 - __main__ - INFO - Stored 1000 price records for USDJPY
2025-10-22 19:05:35,996 - __main__ - INFO - Stored 1000 price records for AUDUSD
2025-10-22 19:05:36,197 - __main__ - INFO - Stored 1000 price records for USDCAD
2025-10-22 19:05:36,197 - __main__ - INFO - Running job: Sync account metrics
2025-10-22 19:05:36,215 - __main__ - INFO - Synced account metrics: Balance=1000.0, Equity=1000.0
2025-10-22 19:05:36,215 - __main__ - INFO - Running job: Sync active trades
2025-10-22 19:05:36,215 - __main__ - INFO - Synced 0 active trades
2025-10-22 19:06:06,236 - __main__ - INFO - Running job: Sync active trades
2025-10-22 19:06:06,236 - __main__ - INFO - Synced 0 active trades
2025-10-22 19:06:36,337 - __main__ - INFO - Running job: Fetch prices
2025-10-22 19:06:36,570 - __main__ - INFO - Stored 1000 price records for EURUSD
2025-10-22 19:06:36,792 - __main__ - INFO - Stored 1000 price records for GBPUSD
2025-10-22 19:06:37,012 - __main__ - INFO - Stored 1000 price records for USDJPY
2025-10-22 19:06:37,216 - __main__ - INFO - Stored 1000 price records for AUDUSD
2025-10-22 19:06:37,434 - __main__ - INFO - Stored 1000 price records for USDCAD
2025-10-22 19:06:37,434 - __main__ - INFO - Running job: Sync account metrics
2025-10-22 19:06:37,434 - __main__ - INFO - Synced account metrics: Balance=1000.0, Equity=1000.0
2025-10-22 19:06:37,434 - __main__ - INFO - Running job: Sync active trades
2025-10-22 19:06:37,434 - __main__ - INFO - Synced 0 active trades
2025-10-22 19:07:07,462 - __main__ - INFO - Running job: Sync active trades
2025-10-22 19:07:07,465 - __main__ - INFO - Synced 0 active trades
2025-10-22 19:07:37,482 - __main__ - INFO - Running job: Fetch prices
2025-10-22 19:07:37,723 - __main__ - INFO - Stored 1000 price records for EURUSD
2025-10-22 19:07:37,977 - __main__ - INFO - Stored 1000 price records for GBPUSD
2025-10-22 19:07:38,199 - __main__ - INFO - Stored 1000 price records for USDJPY
2025-10-22 19:07:38,418 - __main__ - INFO - Stored 1000 price records for AUDUSD
2025-10-22 19:07:38,621 - __main__ - INFO - Stored 1000 price records for USDCAD
2025-10-22 19:07:38,621 - __main__ - INFO - Running job: Sync account metrics
2025-10-22 19:07:38,621 - __main__ - INFO - Synced account metrics: Balance=1000.0, Equity=1000.0
2025-10-22 19:07:38,621 - __main__ - INFO - Running job: Sync active trades
2025-10-22 19:07:38,637 - __main__ - INFO - Synced 0 active trades
2025-10-22 19:08:08,655 - __main__ - INFO - Running job: Sync active trades
2025-10-22 19:08:08,677 - __main__ - INFO - Synced 0 active trades
2025-10-22 19:08:38,747 - __main__ - INFO - Running job: Fetch prices
2025-10-22 19:08:38,961 - __main__ - INFO - Stored 1000 price records for EURUSD
2025-10-22 19:08:39,167 - __main__ - INFO - Stored 1000 price records for GBPUSD
2025-10-22 19:08:39,387 - __main__ - INFO - Stored 1000 price records for USDJPY
2025-10-22 19:08:39,622 - __main__ - INFO - Stored 1000 price records for AUDUSD
2025-10-22 19:08:39,956 - __main__ - INFO - Stored 1000 price records for USDCAD
2025-10-22 19:08:39,956 - __main__ - INFO - Running job: Sync account metrics
2025-10-22 19:08:39,972 - __main__ - INFO - Synced account metrics: Balance=1000.0, Equity=1000.0
2025-10-22 19:08:39,972 - __main__ - INFO - Running job: Sync active trades
2025-10-22 19:08:39,988 - __main__ - INFO - Synced 0 active trades
2025-10-22 19:09:10,006 - __main__ - INFO - Running job: Sync active trades
2025-10-22 19:09:10,006 - __main__ - INFO - Synced 0 active trades
2025-10-22 19:09:40,357 - __main__ - INFO - Running job: Fetch prices
2025-10-22 19:09:40,715 - __main__ - INFO - Stored 1000 price records for EURUSD
2025-10-22 19:09:40,965 - __main__ - INFO - Stored 1000 price records for GBPUSD
2025-10-22 19:09:41,262 - __main__ - INFO - Stored 1000 price records for USDJPY
2025-10-22 19:09:41,543 - __main__ - INFO - Stored 1000 price records for AUDUSD
2025-10-22 19:09:41,840 - __main__ - INFO - Stored 1000 price records for USDCAD
2025-10-22 19:09:41,840 - __main__ - INFO - Running job: Sync account metrics
2025-10-22 19:09:41,856 - __main__ - INFO - Synced account metrics: Balance=1000.0, Equity=1000.0
2025-10-22 19:09:41,856 - __main__ - INFO - Running job: Sync active trades
2025-10-22 19:09:41,856 - __main__ - INFO - Synced 0 active trades
2025-10-22 19:10:12,097 - __main__ - INFO - Running job: Sync active trades
2025-10-22 19:10:12,097 - __main__ - INFO - Synced 0 active trades
2025-10-22 19:10:42,323 - __main__ - INFO - Running job: Fetch prices
2025-10-22 19:10:42,559 - __main__ - INFO - Stored 1000 price records for EURUSD
2025-10-22 19:10:42,790 - __main__ - INFO - Stored 1000 price records for GBPUSD
2025-10-22 19:10:43,028 - __main__ - INFO - Stored 1000 price records for USDJPY
2025-10-22 19:10:43,262 - __main__ - INFO - Stored 1000 price records for AUDUSD
2025-10-22 19:10:43,481 - __main__ - INFO - Stored 1000 price records for USDCAD
2025-10-22 19:10:43,481 - __main__ - INFO - Running job: Sync account metrics
2025-10-22 19:10:43,481 - __main__ - INFO - Synced account metrics: Balance=1000.0, Equity=1000.0
2025-10-22 19:10:43,481 - __main__ - INFO - Running job: Sync active trades
2025-10-22 19:10:43,496 - __main__ - INFO - Synced 0 active trades
2025-10-22 19:11:13,555 - __main__ - INFO - Running job: Sync active trades
2025-10-22 19:11:13,559 - __main__ - INFO - Synced 0 active trades
2025-10-22 19:11:43,661 - __main__ - INFO - Running job: Fetch prices
2025-10-22 19:11:43,887 - __main__ - INFO - Stored 1000 price records for EURUSD
2025-10-22 19:11:44,141 - __main__ - INFO - Stored 1000 price records for GBPUSD
2025-10-22 19:11:44,427 - __main__ - INFO - Stored 1000 price records for USDJPY
2025-10-22 19:11:44,697 - __main__ - INFO - Stored 1000 price records for AUDUSD
2025-10-22 19:11:44,934 - __main__ - INFO - Stored 1000 price records for USDCAD
2025-10-22 19:11:44,934 - __main__ - INFO - Running job: Sync account metrics
2025-10-22 19:11:44,934 - __main__ - INFO - Synced account metrics: Balance=1000.0, Equity=1000.0
2025-10-22 19:11:44,934 - __main__ - INFO - Running job: Sync active trades
2025-10-22 19:11:44,934 - __main__ - INFO - Synced 0 active trades
2025-10-22 19:12:14,965 - __main__ - INFO - Running job: Sync active trades
2025-10-22 19:12:14,988 - __main__ - INFO - Synced 0 active trades
2025-10-22 19:12:45,011 - __main__ - INFO - Running job: Fetch prices
2025-10-22 19:12:45,294 - __main__ - INFO - Stored 1000 price records for EURUSD
2025-10-22 19:12:45,548 - __main__ - INFO - Stored 1000 price records for GBPUSD
2025-10-22 19:12:45,778 - __main__ - INFO - Stored 1000 price records for USDJPY
2025-10-22 19:12:45,997 - __main__ - INFO - Stored 1000 price records for AUDUSD
2025-10-22 19:12:46,262 - __main__ - INFO - Stored 1000 price records for USDCAD
2025-10-22 19:12:46,262 - __main__ - INFO - Running job: Sync account metrics
2025-10-22 19:12:46,294 - __main__ - INFO - Synced account metrics: Balance=1000.0, Equity=1000.0
2025-10-22 19:12:46,294 - __main__ - INFO - Running job: Sync active trades
2025-10-22 19:12:46,309 - __main__ - INFO - Synced 0 active trades
2025-10-22 19:13:16,352 - __main__ - INFO - Running job: Sync active trades
2025-10-22 19:13:16,352 - __main__ - INFO - Synced 0 active trades
2025-10-22 19:13:46,371 - __main__ - INFO - Running job: Fetch prices
2025-10-22 19:13:46,598 - __main__ - INFO - Stored 1000 price records for EURUSD
2025-10-22 19:13:46,820 - __main__ - INFO - Stored 1000 price records for GBPUSD
2025-10-22 19:13:47,042 - __main__ - INFO - Stored 1000 price records for USDJPY
2025-10-22 19:13:47,278 - __main__ - INFO - Stored 1000 price records for AUDUSD
2025-10-22 19:13:47,512 - __main__ - INFO - Stored 1000 price records for USDCAD
2025-10-22 19:13:47,512 - __main__ - INFO - Running job: Sync account metrics
2025-10-22 19:13:47,528 - __main__ - INFO - Synced account metrics: Balance=1000.0, Equity=1000.0
2025-10-22 19:13:47,528 - __main__ - INFO - Running job: Sync active trades
2025-10-22 19:13:47,528 - __main__ - INFO - Synced 0 active trades
2025-10-22 19:14:17,575 - __main__ - INFO - Running job: Sync active trades
2025-10-22 19:14:17,575 - __main__ - INFO - Synced 0 active trades
2025-10-22 19:15:04,637 - __main__ - INFO - ============================================================
2025-10-22 19:15:04,637 - __main__ - INFO - MT5 Windows Bridge Starting...
2025-10-22 19:15:04,637 - __main__ - INFO - ============================================================
2025-10-22 19:15:10,649 - __main__ - INFO - MT5 logged in successfully to Tickmill-Demo with account 25251142
2025-10-22 19:15:10,690 - __main__ - INFO - MT5 Account: 25251142, Balance: 1000.0, Server: Tickmill-Demo
2025-10-22 19:15:10,769 - __main__ - INFO - Connected to PostgreSQL at 10.30.90.102:5432
2025-10-22 19:15:10,825 - __main__ - INFO - Connected to Redis at 10.30.90.102:6379
2025-10-22 19:15:10,837 - __main__ - INFO - Performing initial sync...
2025-10-22 19:15:10,837 - __main__ - INFO - Running job: Fetch prices
2025-10-22 19:15:11,229 - __main__ - INFO - Stored 1000 price records for EURUSD
2025-10-22 19:15:11,512 - __main__ - INFO - Stored 1000 price records for GBPUSD
2025-10-22 19:15:11,762 - __main__ - INFO - Stored 1000 price records for USDJPY
2025-10-22 19:15:12,048 - __main__ - INFO - Stored 1000 price records for AUDUSD
2025-10-22 19:15:12,365 - __main__ - INFO - Stored 1000 price records for USDCAD
2025-10-22 19:15:12,371 - __main__ - INFO - Running job: Sync account metrics
2025-10-22 19:15:12,381 - __main__ - INFO - Synced account metrics: Balance=1000.0, Equity=1000.0
2025-10-22 19:15:12,397 - __main__ - INFO - Running job: Sync active trades
2025-10-22 19:15:12,403 - __main__ - INFO - Synced 0 active trades
2025-10-22 19:15:12,413 - __main__ - INFO - Synced 1 trade history records
2025-10-22 19:15:12,413 - __main__ - INFO - ============================================================
2025-10-22 19:15:12,413 - __main__ - INFO - MT5 Windows Bridge Running!
2025-10-22 19:15:12,413 - __main__ - INFO - Scheduled tasks:
2025-10-22 19:15:12,413 - __main__ - INFO -   - Fetch prices: Every 1 minute
2025-10-22 19:15:12,413 - __main__ - INFO -   - Sync metrics: Every 1 minute
2025-10-22 19:15:12,413 - __main__ - INFO -   - Sync trades: Every 30 seconds
2025-10-22 19:15:12,413 - __main__ - INFO - ============================================================
2025-10-22 19:15:42,706 - __main__ - INFO - Running job: Sync active trades
2025-10-22 19:15:42,706 - __main__ - INFO - Synced 0 active trades
2025-10-22 19:16:12,752 - __main__ - INFO - Running job: Fetch prices
2025-10-22 19:16:13,075 - __main__ - INFO - Stored 1000 price records for EURUSD
2025-10-22 19:16:13,363 - __main__ - INFO - Stored 1000 price records for GBPUSD
2025-10-22 19:16:13,653 - __main__ - INFO - Stored 1000 price records for USDJPY
2025-10-22 19:16:13,965 - __main__ - INFO - Stored 1000 price records for AUDUSD
2025-10-22 19:16:14,403 - __main__ - INFO - Stored 1000 price records for USDCAD
2025-10-22 19:16:14,403 - __main__ - INFO - Running job: Sync account metrics
2025-10-22 19:16:14,418 - __main__ - INFO - Synced account metrics: Balance=1000.0, Equity=1000.0
2025-10-22 19:16:14,418 - __main__ - INFO - Running job: Sync active trades
2025-10-22 19:16:14,434 - __main__ - INFO - Synced 0 active trades
2025-10-22 19:16:44,604 - __main__ - INFO - Running job: Sync active trades
2025-10-22 19:16:44,604 - __main__ - INFO - Synced 0 active trades
2025-10-22 19:17:14,632 - __main__ - INFO - Running job: Fetch prices
2025-10-22 19:17:14,915 - __main__ - INFO - Stored 1000 price records for EURUSD
2025-10-22 19:17:15,278 - __main__ - INFO - Stored 1000 price records for GBPUSD
2025-10-22 19:17:15,637 - __main__ - INFO - Stored 1000 price records for USDJPY
2025-10-22 19:17:15,906 - __main__ - INFO - Stored 1000 price records for AUDUSD
2025-10-22 19:17:16,144 - __main__ - INFO - Stored 1000 price records for USDCAD
2025-10-22 19:17:16,153 - __main__ - INFO - Running job: Sync account metrics
2025-10-22 19:17:16,160 - __main__ - INFO - Synced account metrics: Balance=1000.0, Equity=1000.0
2025-10-22 19:17:16,191 - __main__ - INFO - Running job: Sync active trades
2025-10-22 19:17:16,191 - __main__ - INFO - Synced 0 active trades
2025-10-22 19:17:46,307 - __main__ - INFO - Running job: Sync active trades
2025-10-22 19:17:46,309 - __main__ - INFO - Synced 0 active trades
2025-10-22 19:18:16,465 - __main__ - INFO - Running job: Fetch prices
2025-10-22 19:18:16,778 - __main__ - INFO - Stored 1000 price records for EURUSD
2025-10-22 19:18:17,090 - __main__ - INFO - Stored 1000 price records for GBPUSD
2025-10-22 19:18:17,403 - __main__ - INFO - Stored 1000 price records for USDJPY
2025-10-22 19:18:17,715 - __main__ - INFO - Stored 1000 price records for AUDUSD
2025-10-22 19:18:17,950 - __main__ - INFO - Stored 1000 price records for USDCAD
2025-10-22 19:18:17,966 - __main__ - INFO - Running job: Sync account metrics
2025-10-22 19:18:17,966 - __main__ - INFO - Synced account metrics: Balance=1000.0, Equity=1000.0
2025-10-22 19:18:17,981 - __main__ - INFO - Running job: Sync active trades
2025-10-22 19:18:17,998 - __main__ - INFO - Synced 0 active trades
2025-10-22 19:18:48,103 - __main__ - INFO - Running job: Sync active trades
2025-10-22 19:18:48,106 - __main__ - INFO - Synced 0 active trades
2025-10-22 19:19:18,294 - __main__ - INFO - Running job: Fetch prices
2025-10-22 19:19:18,543 - __main__ - INFO - Stored 1000 price records for EURUSD
2025-10-22 19:19:18,793 - __main__ - INFO - Stored 1000 price records for GBPUSD
2025-10-22 19:19:19,059 - __main__ - INFO - Stored 1000 price records for USDJPY
2025-10-22 19:19:19,465 - __main__ - INFO - Stored 1000 price records for AUDUSD
2025-10-22 19:19:19,887 - __main__ - INFO - Stored 1000 price records for USDCAD
2025-10-22 19:19:19,887 - __main__ - INFO - Running job: Sync account metrics
2025-10-22 19:19:19,918 - __main__ - INFO - Synced account metrics: Balance=1000.0, Equity=1000.0
2025-10-22 19:19:19,965 - __main__ - INFO - Running job: Sync active trades
2025-10-22 19:19:19,965 - __main__ - INFO - Synced 0 active trades
2025-10-22 19:19:50,167 - __main__ - INFO - Running job: Sync active trades
2025-10-22 19:19:50,246 - __main__ - INFO - Synced 0 active trades
2025-10-22 19:20:20,337 - __main__ - INFO - Running job: Fetch prices
2025-10-22 19:20:20,627 - __main__ - INFO - Stored 1000 price records for EURUSD
2025-10-22 19:20:20,936 - __main__ - INFO - Stored 1000 price records for GBPUSD
2025-10-22 19:20:21,184 - __main__ - INFO - Stored 1000 price records for USDJPY
2025-10-22 19:20:21,465 - __main__ - INFO - Stored 1000 price records for AUDUSD
2025-10-22 19:20:21,746 - __main__ - INFO - Stored 1000 price records for USDCAD
2025-10-22 19:20:21,762 - __main__ - INFO - Running job: Sync account metrics
2025-10-22 19:20:21,778 - __main__ - INFO - Synced account metrics: Balance=1000.0, Equity=1000.0
2025-10-22 19:20:21,778 - __main__ - INFO - Running job: Sync active trades
2025-10-22 19:20:21,778 - __main__ - INFO - Synced 0 active trades
2025-10-22 19:20:51,972 - __main__ - INFO - Running job: Sync active trades
2025-10-22 19:20:51,988 - __main__ - INFO - Synced 0 active trades
2025-10-22 19:21:22,166 - __main__ - INFO - Running job: Fetch prices
2025-10-22 19:21:22,423 - __main__ - INFO - Stored 1000 price records for EURUSD
2025-10-22 19:21:22,715 - __main__ - INFO - Stored 1000 price records for GBPUSD
2025-10-22 19:21:23,090 - __main__ - INFO - Stored 1000 price records for USDJPY
2025-10-22 19:21:23,538 - __main__ - INFO - Stored 1000 price records for AUDUSD
2025-10-22 19:21:23,874 - __main__ - INFO - Stored 1000 price records for USDCAD
2025-10-22 19:21:23,874 - __main__ - INFO - Running job: Sync account metrics
2025-10-22 19:21:23,890 - __main__ - INFO - Synced account metrics: Balance=1000.0, Equity=1000.0
2025-10-22 19:21:23,890 - __main__ - INFO - Running job: Sync active trades
2025-10-22 19:21:23,890 - __main__ - INFO - Synced 0 active trades
2025-10-22 19:21:54,054 - __main__ - INFO - Running job: Sync active trades
2025-10-22 19:21:54,059 - __main__ - INFO - Synced 0 active trades
2025-10-22 19:22:24,246 - __main__ - INFO - Running job: Fetch prices
2025-10-22 19:22:24,575 - __main__ - INFO - Stored 1000 price records for EURUSD
2025-10-22 19:22:24,904 - __main__ - INFO - Stored 1000 price records for GBPUSD
2025-10-22 19:22:25,174 - __main__ - INFO - Stored 1000 price records for USDJPY
2025-10-22 19:22:25,540 - __main__ - INFO - Stored 1000 price records for AUDUSD
2025-10-22 19:22:25,950 - __main__ - INFO - Stored 1000 price records for USDCAD
2025-10-22 19:22:25,965 - __main__ - INFO - Running job: Sync account metrics
2025-10-22 19:22:25,981 - __main__ - INFO - Synced account metrics: Balance=1000.0, Equity=1000.0
2025-10-22 19:22:25,996 - __main__ - INFO - Running job: Sync active trades
2025-10-22 19:22:26,012 - __main__ - INFO - Synced 0 active trades
2025-10-22 19:22:56,208 - __main__ - INFO - Running job: Sync active trades
2025-10-22 19:22:56,208 - __main__ - INFO - Synced 0 active trades
2025-10-22 19:23:26,512 - __main__ - INFO - Running job: Fetch prices
2025-10-22 19:23:26,793 - __main__ - INFO - Stored 1000 price records for EURUSD
2025-10-22 19:23:27,092 - __main__ - INFO - Stored 1000 price records for GBPUSD
2025-10-22 19:23:27,441 - __main__ - INFO - Stored 1000 price records for USDJPY
2025-10-22 19:23:27,747 - __main__ - INFO - Stored 1000 price records for AUDUSD
2025-10-22 19:23:28,043 - __main__ - INFO - Stored 1000 price records for USDCAD
2025-10-22 19:23:28,043 - __main__ - INFO - Running job: Sync account metrics
2025-10-22 19:23:28,090 - __main__ - INFO - Synced account metrics: Balance=1000.0, Equity=1000.0
2025-10-22 19:23:28,090 - __main__ - INFO - Running job: Sync active trades
2025-10-22 19:23:28,090 - __main__ - INFO - Synced 0 active trades
2025-10-22 19:23:58,194 - __main__ - INFO - Running job: Sync active trades
2025-10-22 19:23:58,194 - __main__ - INFO - Synced 0 active trades
2025-10-22 19:24:28,658 - __main__ - INFO - Running job: Fetch prices
2025-10-22 19:24:29,246 - __main__ - INFO - Stored 1000 price records for EURUSD
2025-10-22 19:24:29,590 - __main__ - INFO - Stored 1000 price records for GBPUSD
2025-10-22 19:24:29,965 - __main__ - INFO - Stored 1000 price records for USDJPY
2025-10-22 19:24:30,325 - __main__ - INFO - Stored 1000 price records for AUDUSD
2025-10-22 19:24:30,653 - __main__ - INFO - Stored 1000 price records for USDCAD
2025-10-22 19:24:30,668 - __main__ - INFO - Running job: Sync account metrics
2025-10-22 19:24:30,684 - __main__ - INFO - Synced account metrics: Balance=1000.0, Equity=1000.0
2025-10-22 19:24:30,699 - __main__ - INFO - Running job: Sync active trades
2025-10-22 19:24:30,715 - __main__ - INFO - Synced 0 active trades
2025-10-22 19:25:00,853 - __main__ - INFO - Running job: Sync active trades
2025-10-22 19:25:00,856 - __main__ - INFO - Synced 0 active trades
2025-10-22 19:25:30,917 - __main__ - INFO - Running job: Fetch prices
2025-10-22 19:25:31,184 - __main__ - INFO - Stored 1000 price records for EURUSD
2025-10-22 19:25:31,434 - __main__ - INFO - Stored 1000 price records for GBPUSD
2025-10-22 19:25:31,684 - __main__ - INFO - Stored 1000 price records for USDJPY
2025-10-22 19:25:31,918 - __main__ - INFO - Stored 1000 price records for AUDUSD
2025-10-22 19:25:32,184 - __main__ - INFO - Stored 1000 price records for USDCAD
2025-10-22 19:25:32,184 - __main__ - INFO - Running job: Sync account metrics
2025-10-22 19:25:32,200 - __main__ - INFO - Synced account metrics: Balance=1000.0, Equity=1000.0
2025-10-22 19:25:32,200 - __main__ - INFO - Running job: Sync active trades
2025-10-22 19:25:32,200 - __main__ - INFO - Synced 0 active trades
2025-10-22 19:26:02,234 - __main__ - INFO - Running job: Sync active trades
2025-10-22 19:26:02,235 - __main__ - INFO - Synced 0 active trades
2025-10-22 19:26:32,302 - __main__ - INFO - Running job: Fetch prices
2025-10-22 19:26:32,604 - __main__ - INFO - Stored 1000 price records for EURUSD
2025-10-22 19:26:32,919 - __main__ - INFO - Stored 1000 price records for GBPUSD
2025-10-22 19:26:33,153 - __main__ - INFO - Stored 1000 price records for USDJPY
2025-10-22 19:26:33,356 - __main__ - INFO - Stored 1000 price records for AUDUSD
2025-10-22 19:26:33,653 - __main__ - INFO - Stored 1000 price records for USDCAD
2025-10-22 19:26:33,659 - __main__ - INFO - Running job: Sync account metrics
2025-10-22 19:26:33,659 - __main__ - INFO - Synced account metrics: Balance=1000.0, Equity=1000.0
2025-10-22 19:26:33,674 - __main__ - INFO - Running job: Sync active trades
2025-10-22 19:26:33,674 - __main__ - INFO - Synced 0 active trades
2025-10-22 19:27:03,787 - __main__ - INFO - Running job: Sync active trades
2025-10-22 19:27:03,787 - __main__ - INFO - Synced 0 active trades
2025-10-22 19:27:33,825 - __main__ - INFO - Running job: Fetch prices
2025-10-22 19:27:34,278 - __main__ - INFO - Stored 1000 price records for EURUSD
2025-10-22 19:27:34,559 - __main__ - INFO - Stored 1000 price records for GBPUSD
2025-10-22 19:27:34,825 - __main__ - INFO - Stored 1000 price records for USDJPY
2025-10-22 19:27:35,174 - __main__ - INFO - Stored 1000 price records for AUDUSD
2025-10-22 19:27:35,653 - __main__ - INFO - Stored 1000 price records for USDCAD
2025-10-22 19:27:35,685 - __main__ - INFO - Running job: Sync account metrics
2025-10-22 19:27:35,718 - __main__ - INFO - Synced account metrics: Balance=1000.0, Equity=1000.0
2025-10-22 19:27:35,747 - __main__ - INFO - Running job: Sync active trades
2025-10-22 19:27:35,766 - __main__ - INFO - Synced 0 active trades
2025-10-22 19:28:05,812 - __main__ - INFO - Running job: Sync active trades
2025-10-22 19:28:05,815 - __main__ - INFO - Synced 0 active trades
2025-10-22 19:28:35,925 - __main__ - INFO - Running job: Fetch prices
2025-10-22 19:28:36,258 - __main__ - INFO - Stored 1000 price records for EURUSD
2025-10-22 19:28:36,622 - __main__ - INFO - Stored 1000 price records for GBPUSD
2025-10-22 19:28:36,965 - __main__ - INFO - Stored 1000 price records for USDJPY
2025-10-22 19:28:37,286 - __main__ - INFO - Stored 1000 price records for AUDUSD
2025-10-22 19:28:37,590 - __main__ - INFO - Stored 1000 price records for USDCAD
2025-10-22 19:28:37,604 - __main__ - INFO - Running job: Sync account metrics
2025-10-22 19:28:37,619 - __main__ - INFO - Synced account metrics: Balance=1000.0, Equity=1000.0
2025-10-22 19:28:37,635 - __main__ - INFO - Running job: Sync active trades
2025-10-22 19:28:37,653 - __main__ - INFO - Synced 0 active trades
2025-10-22 19:29:07,845 - __main__ - INFO - Running job: Sync active trades
2025-10-22 19:29:07,856 - __main__ - INFO - Synced 0 active trades
2025-10-22 19:29:37,917 - __main__ - INFO - Running job: Fetch prices
2025-10-22 19:29:38,215 - __main__ - INFO - Stored 1000 price records for EURUSD
2025-10-22 19:29:38,559 - __main__ - INFO - Stored 1000 price records for GBPUSD
2025-10-22 19:29:38,809 - __main__ - INFO - Stored 1000 price records for USDJPY
2025-10-22 19:29:39,219 - __main__ - INFO - Stored 1000 price records for AUDUSD
2025-10-22 19:29:39,505 - __main__ - INFO - Stored 1000 price records for USDCAD
2025-10-22 19:29:39,521 - __main__ - INFO - Running job: Sync account metrics
2025-10-22 19:29:39,528 - __main__ - INFO - Synced account metrics: Balance=1000.0, Equity=1000.0
2025-10-22 19:29:39,528 - __main__ - INFO - Running job: Sync active trades
2025-10-22 19:29:39,537 - __main__ - INFO - Synced 0 active trades
2025-10-22 19:30:09,585 - __main__ - INFO - Running job: Sync active trades
2025-10-22 19:30:09,591 - __main__ - INFO - Synced 0 active trades
2025-10-22 19:30:39,637 - __main__ - INFO - Running job: Fetch prices
2025-10-22 19:30:39,935 - __main__ - INFO - Stored 1000 price records for EURUSD
2025-10-22 19:30:40,278 - __main__ - INFO - Stored 1000 price records for GBPUSD
2025-10-22 19:30:40,715 - __main__ - INFO - Stored 1000 price records for USDJPY
2025-10-22 19:30:40,965 - __main__ - INFO - Stored 1000 price records for AUDUSD
2025-10-22 19:30:41,200 - __main__ - INFO - Stored 1000 price records for USDCAD
2025-10-22 19:30:41,200 - __main__ - INFO - Running job: Sync account metrics
2025-10-22 19:30:41,215 - __main__ - INFO - Synced account metrics: Balance=1000.0, Equity=1000.0
2025-10-22 19:30:41,215 - __main__ - INFO - Running job: Sync active trades
2025-10-22 19:30:41,215 - __main__ - INFO - Synced 0 active trades
2025-10-22 19:31:11,367 - __main__ - INFO - Running job: Sync active trades
2025-10-22 19:31:11,372 - __main__ - INFO - Synced 0 active trades
2025-10-22 19:31:41,533 - __main__ - INFO - Running job: Fetch prices
2025-10-22 19:31:41,816 - __main__ - INFO - Stored 1000 price records for EURUSD
2025-10-22 19:31:42,165 - __main__ - INFO - Stored 1000 price records for GBPUSD
2025-10-22 19:31:42,481 - __main__ - INFO - Stored 1000 price records for USDJPY
2025-10-22 19:31:42,747 - __main__ - INFO - Stored 1000 price records for AUDUSD
2025-10-22 19:31:42,996 - __main__ - INFO - Stored 1000 price records for USDCAD
2025-10-22 19:31:42,996 - __main__ - INFO - Running job: Sync account metrics
2025-10-22 19:31:42,996 - __main__ - INFO - Synced account metrics: Balance=1000.0, Equity=1000.0
2025-10-22 19:31:43,012 - __main__ - INFO - Running job: Sync active trades
2025-10-22 19:31:43,012 - __main__ - INFO - Synced 0 active trades
2025-10-22 19:32:13,238 - __main__ - INFO - Running job: Sync active trades
2025-10-22 19:32:13,238 - __main__ - INFO - Synced 0 active trades
2025-10-22 19:32:43,507 - __main__ - INFO - Running job: Fetch prices
2025-10-22 19:32:44,138 - __main__ - INFO - Stored 1000 price records for EURUSD
2025-10-22 19:32:44,659 - __main__ - INFO - Stored 1000 price records for GBPUSD
2025-10-22 19:32:45,055 - __main__ - INFO - Stored 1000 price records for USDJPY
2025-10-22 19:32:45,407 - __main__ - INFO - Stored 1000 price records for AUDUSD
2025-10-22 19:32:45,867 - __main__ - INFO - Stored 1000 price records for USDCAD
2025-10-22 19:32:45,892 - __main__ - INFO - Running job: Sync account metrics
2025-10-22 19:32:45,917 - __main__ - INFO - Synced account metrics: Balance=1000.0, Equity=1000.0
2025-10-22 19:32:45,941 - __main__ - INFO - Running job: Sync active trades
2025-10-22 19:32:45,986 - __main__ - INFO - Synced 0 active trades
2025-10-22 19:33:16,721 - __main__ - INFO - Running job: Sync active trades
2025-10-22 19:33:16,723 - __main__ - INFO - Synced 0 active trades
2025-10-22 19:33:45,934 - __main__ - INFO - Running job: Fetch prices
2025-10-22 19:33:46,200 - __main__ - INFO - Stored 1000 price records for EURUSD
2025-10-22 19:33:46,481 - __main__ - INFO - Stored 1000 price records for GBPUSD
2025-10-22 19:33:46,746 - __main__ - INFO - Stored 1000 price records for USDJPY
2025-10-22 19:33:46,996 - __main__ - INFO - Stored 1000 price records for AUDUSD
2025-10-22 19:33:47,247 - __main__ - INFO - Stored 1000 price records for USDCAD
2025-10-22 19:33:48,259 - __main__ - INFO - Running job: Sync account metrics
2025-10-22 19:33:48,265 - __main__ - INFO - Synced account metrics: Balance=1000.0, Equity=1000.0
2025-10-22 19:33:48,278 - __main__ - INFO - Running job: Sync active trades
2025-10-22 19:33:48,281 - __main__ - INFO - Synced 0 active trades
2025-10-22 19:34:18,450 - __main__ - INFO - Running job: Sync active trades
2025-10-22 19:34:18,496 - __main__ - INFO - Synced 0 active trades
2025-10-22 19:34:47,608 - __main__ - INFO - Running job: Fetch prices
2025-10-22 19:34:47,871 - __main__ - INFO - Stored 1000 price records for EURUSD
2025-10-22 19:34:48,121 - __main__ - INFO - Stored 1000 price records for GBPUSD
2025-10-22 19:34:48,499 - __main__ - INFO - Stored 1000 price records for USDJPY
2025-10-22 19:34:48,840 - __main__ - INFO - Stored 1000 price records for AUDUSD
2025-10-22 19:34:49,312 - __main__ - INFO - Stored 1000 price records for USDCAD
2025-10-22 19:34:50,336 - __main__ - INFO - Running job: Sync account metrics
2025-10-22 19:34:50,387 - __main__ - INFO - Synced account metrics: Balance=1000.0, Equity=1000.0
2025-10-22 19:34:50,387 - __main__ - INFO - Running job: Sync active trades
2025-10-22 19:34:50,387 - __main__ - INFO - Synced 0 active trades
2025-10-22 19:35:20,588 - __main__ - INFO - Running job: Sync active trades
2025-10-22 19:35:20,590 - __main__ - INFO - Synced 0 active trades
2025-10-22 19:35:49,650 - __main__ - INFO - Running job: Fetch prices
2025-10-22 19:35:50,005 - __main__ - INFO - Stored 1000 price records for EURUSD
2025-10-22 19:35:50,246 - __main__ - INFO - Stored 1000 price records for GBPUSD
2025-10-22 19:35:50,561 - __main__ - INFO - Stored 1000 price records for USDJPY
2025-10-22 19:35:50,847 - __main__ - INFO - Stored 1000 price records for AUDUSD
2025-10-22 19:35:51,246 - __main__ - INFO - Stored 1000 price records for USDCAD
2025-10-22 19:35:52,251 - __main__ - INFO - Running job: Sync account metrics
2025-10-22 19:35:52,256 - __main__ - INFO - Synced account metrics: Balance=1000.0, Equity=1000.0
2025-10-22 19:35:52,256 - __main__ - INFO - Running job: Sync active trades
2025-10-22 19:35:52,256 - __main__ - INFO - Synced 0 active trades
2025-10-22 19:36:22,350 - __main__ - INFO - Running job: Sync active trades
2025-10-22 19:36:22,355 - __main__ - INFO - Synced 0 active trades
2025-10-22 19:36:51,387 - __main__ - INFO - Running job: Fetch prices
2025-10-22 19:36:51,716 - __main__ - INFO - Stored 1000 price records for EURUSD
2025-10-22 19:36:51,965 - __main__ - INFO - Stored 1000 price records for GBPUSD
2025-10-22 19:36:52,184 - __main__ - INFO - Stored 1000 price records for USDJPY
2025-10-22 19:36:52,403 - __main__ - INFO - Stored 1000 price records for AUDUSD
2025-10-22 19:36:52,637 - __main__ - INFO - Stored 1000 price records for USDCAD
2025-10-22 19:36:53,649 - __main__ - INFO - Running job: Sync account metrics
2025-10-22 19:36:53,654 - __main__ - INFO - Synced account metrics: Balance=1000.0, Equity=1000.0
2025-10-22 19:36:53,669 - __main__ - INFO - Running job: Sync active trades
2025-10-22 19:36:53,669 - __main__ - INFO - Synced 0 active trades
2025-10-22 19:37:23,957 - __main__ - INFO - Running job: Sync active trades
2025-10-22 19:37:23,971 - __main__ - INFO - Synced 0 active trades
2025-10-22 19:37:53,090 - __main__ - INFO - Running job: Fetch prices
2025-10-22 19:37:53,512 - __main__ - INFO - Stored 1000 price records for EURUSD
2025-10-22 19:37:53,840 - __main__ - INFO - Stored 1000 price records for GBPUSD
2025-10-22 19:37:54,106 - __main__ - INFO - Stored 1000 price records for USDJPY
2025-10-22 19:37:54,434 - __main__ - INFO - Stored 1000 price records for AUDUSD
2025-10-22 19:37:54,764 - __main__ - INFO - Stored 1000 price records for USDCAD
2025-10-22 19:37:55,768 - __main__ - INFO - Running job: Sync account metrics
2025-10-22 19:37:55,778 - __main__ - INFO - Synced account metrics: Balance=1000.0, Equity=1000.0
2025-10-22 19:37:55,793 - __main__ - INFO - Running job: Sync active trades
2025-10-22 19:37:55,793 - __main__ - INFO - Synced 0 active trades
2025-10-22 19:38:26,070 - __main__ - INFO - Running job: Sync active trades
2025-10-22 19:38:26,100 - __main__ - INFO - Synced 0 active trades
2025-10-22 19:38:55,287 - __main__ - INFO - Running job: Fetch prices
2025-10-22 19:38:55,784 - __main__ - INFO - Stored 1000 price records for EURUSD
2025-10-22 19:38:56,197 - __main__ - INFO - Stored 1000 price records for GBPUSD
2025-10-22 19:38:56,514 - __main__ - INFO - Stored 1000 price records for USDJPY
2025-10-22 19:38:56,832 - __main__ - INFO - Stored 1000 price records for AUDUSD
2025-10-22 19:38:57,133 - __main__ - INFO - Stored 1000 price records for USDCAD
2025-10-22 19:38:58,153 - __main__ - INFO - Running job: Sync account metrics
2025-10-22 19:38:58,169 - __main__ - INFO - Synced account metrics: Balance=1000.0, Equity=1000.0
2025-10-22 19:38:58,184 - __main__ - INFO - Running job: Sync active trades
2025-10-22 19:38:58,184 - __main__ - INFO - Synced 0 active trades
2025-10-22 19:39:28,393 - __main__ - INFO - Running job: Sync active trades
2025-10-22 19:39:28,394 - __main__ - INFO - Synced 0 active trades
2025-10-22 19:39:57,769 - __main__ - INFO - Running job: Fetch prices
2025-10-22 19:39:58,145 - __main__ - INFO - Stored 1000 price records for EURUSD
2025-10-22 19:39:58,457 - __main__ - INFO - Stored 1000 price records for GBPUSD
2025-10-22 19:39:58,704 - __main__ - INFO - Stored 1000 price records for USDJPY
2025-10-22 19:39:58,920 - __main__ - INFO - Stored 1000 price records for AUDUSD
2025-10-22 19:39:59,136 - __main__ - INFO - Stored 1000 price records for USDCAD
2025-10-22 19:40:00,138 - __main__ - INFO - Running job: Sync account metrics
2025-10-22 19:40:00,155 - __main__ - INFO - Synced account metrics: Balance=1000.0, Equity=1000.0
2025-10-22 19:40:00,155 - __main__ - INFO - Running job: Sync active trades
2025-10-22 19:40:00,159 - __main__ - INFO - Synced 0 active trades
2025-10-22 19:40:30,352 - __main__ - INFO - Running job: Sync active trades
2025-10-22 19:40:30,352 - __main__ - INFO - Synced 0 active trades
2025-10-22 19:40:59,493 - __main__ - INFO - Running job: Fetch prices
2025-10-22 19:40:59,981 - __main__ - INFO - Stored 1000 price records for EURUSD
2025-10-22 19:41:00,472 - __main__ - INFO - Stored 1000 price records for GBPUSD
2025-10-22 19:41:00,837 - __main__ - INFO - Stored 1000 price records for USDJPY
2025-10-22 19:41:01,247 - __main__ - INFO - Stored 1000 price records for AUDUSD
2025-10-22 19:41:01,700 - __main__ - INFO - Stored 1000 price records for USDCAD
2025-10-22 19:41:02,715 - __main__ - INFO - Running job: Sync account metrics
2025-10-22 19:41:02,715 - __main__ - INFO - Synced account metrics: Balance=1000.0, Equity=1000.0
2025-10-22 19:41:02,715 - __main__ - INFO - Running job: Sync active trades
2025-10-22 19:41:02,715 - __main__ - INFO - Synced 0 active trades
2025-10-22 19:41:32,759 - __main__ - INFO - Running job: Sync active trades
2025-10-22 19:41:32,759 - __main__ - INFO - Synced 0 active trades
2025-10-22 19:42:01,931 - __main__ - INFO - Running job: Fetch prices
2025-10-22 19:42:02,347 - __main__ - INFO - Stored 1000 price records for EURUSD
2025-10-22 19:42:02,760 - __main__ - INFO - Stored 1000 price records for GBPUSD
2025-10-22 19:42:03,090 - __main__ - INFO - Stored 1000 price records for USDJPY
2025-10-22 19:42:03,389 - __main__ - INFO - Stored 1000 price records for AUDUSD
2025-10-22 19:42:03,653 - __main__ - INFO - Stored 1000 price records for USDCAD
2025-10-22 19:42:04,660 - __main__ - INFO - Running job: Sync account metrics
2025-10-22 19:42:04,660 - __main__ - INFO - Synced account metrics: Balance=1000.0, Equity=1000.0
2025-10-22 19:42:04,660 - __main__ - INFO - Running job: Sync active trades
2025-10-22 19:42:04,671 - __main__ - INFO - Synced 0 active trades
2025-10-22 19:42:34,695 - __main__ - INFO - Running job: Sync active trades
2025-10-22 19:42:34,695 - __main__ - INFO - Synced 0 active trades
2025-10-22 19:43:03,716 - __main__ - INFO - Running job: Fetch prices
2025-10-22 19:43:03,965 - __main__ - INFO - Stored 1000 price records for EURUSD
2025-10-22 19:43:04,231 - __main__ - INFO - Stored 1000 price records for GBPUSD
2025-10-22 19:43:04,530 - __main__ - INFO - Stored 1000 price records for USDJPY
2025-10-22 19:43:04,799 - __main__ - INFO - Stored 1000 price records for AUDUSD
2025-10-22 19:43:05,090 - __main__ - INFO - Stored 1000 price records for USDCAD
2025-10-22 19:43:06,096 - __main__ - INFO - Running job: Sync account metrics
2025-10-22 19:43:06,096 - __main__ - INFO - Synced account metrics: Balance=1000.0, Equity=1000.0
2025-10-22 19:43:06,096 - __main__ - INFO - Running job: Sync active trades
2025-10-22 19:43:06,108 - __main__ - INFO - Synced 0 active trades
2025-10-22 19:43:36,251 - __main__ - INFO - Running job: Sync active trades
2025-10-22 19:43:36,251 - __main__ - INFO - Synced 0 active trades
2025-10-22 19:44:05,334 - __main__ - INFO - Running job: Fetch prices
2025-10-22 19:44:05,544 - __main__ - INFO - Stored 1000 price records for EURUSD
2025-10-22 19:44:05,762 - __main__ - INFO - Stored 1000 price records for GBPUSD
2025-10-22 19:44:05,981 - __main__ - INFO - Stored 1000 price records for USDJPY
2025-10-22 19:44:06,356 - __main__ - INFO - Stored 1000 price records for AUDUSD
2025-10-22 19:44:06,918 - __main__ - INFO - Stored 1000 price records for USDCAD
2025-10-22 19:44:07,924 - __main__ - INFO - Running job: Sync account metrics
2025-10-22 19:44:07,934 - __main__ - INFO - Synced account metrics: Balance=1000.0, Equity=1000.0
2025-10-22 19:44:07,934 - __main__ - INFO - Running job: Sync active trades
2025-10-22 19:44:07,936 - __main__ - INFO - Synced 0 active trades
2025-10-22 19:44:37,965 - __main__ - INFO - Running job: Sync active trades
2025-10-22 19:44:37,980 - __main__ - INFO - Synced 0 active trades
2025-10-22 19:45:07,020 - __main__ - INFO - Running job: Fetch prices
2025-10-22 19:45:07,240 - __main__ - INFO - Stored 1000 price records for EURUSD
2025-10-22 19:45:07,447 - __main__ - INFO - Stored 1000 price records for GBPUSD
2025-10-22 19:45:07,669 - __main__ - INFO - Stored 1000 price records for USDJPY
2025-10-22 19:45:07,891 - __main__ - INFO - Stored 1000 price records for AUDUSD
2025-10-22 19:45:08,113 - __main__ - INFO - Stored 1000 price records for USDCAD
2025-10-22 19:45:09,118 - __main__ - INFO - Running job: Sync account metrics
2025-10-22 19:45:09,122 - __main__ - INFO - Synced account metrics: Balance=1000.0, Equity=1000.0
2025-10-22 19:45:09,138 - __main__ - INFO - Running job: Sync active trades
2025-10-22 19:45:09,138 - __main__ - INFO - Synced 0 active trades
2025-10-22 19:45:39,165 - __main__ - INFO - Running job: Sync active trades
2025-10-22 19:45:39,165 - __main__ - INFO - Synced 0 active trades
2025-10-22 19:46:08,186 - __main__ - INFO - Running job: Fetch prices
2025-10-22 19:46:08,434 - __main__ - INFO - Stored 1000 price records for EURUSD
2025-10-22 19:46:08,707 - __main__ - INFO - Stored 1000 price records for GBPUSD
2025-10-22 19:46:08,945 - __main__ - INFO - Stored 1000 price records for USDJPY
2025-10-22 19:46:09,199 - __main__ - INFO - Stored 1000 price records for AUDUSD
2025-10-22 19:46:09,454 - __main__ - INFO - Stored 1000 price records for USDCAD
2025-10-22 19:46:10,465 - __main__ - INFO - Running job: Sync account metrics
2025-10-22 19:46:10,466 - __main__ - INFO - Synced account metrics: Balance=1000.0, Equity=1000.0
2025-10-22 19:46:10,466 - __main__ - INFO - Running job: Sync active trades
2025-10-22 19:46:10,466 - __main__ - INFO - Synced 0 active trades
2025-10-22 19:46:26,545 - __main__ - INFO - Shutting down...
2025-10-22 19:46:26,576 - __main__ - INFO - MT5 Windows Bridge stopped.
